

Microchip Technology PIC PRO Macro Assembler V1.21 build 54009 
                                                                                               Thu Jun  5 23:04:48 2014

Microchip Technology Omniscient Code Generator (PRO mode) build 54009
     1                           	processor	16F628A
     2                           	opt	pw 120
     3                           	opt	pm
     4                           	psect	idataBANK0,global,class=CODE,delta=2
     5                           	psect	strings,global,class=STRING,delta=2
     6                           	psect	cinit,global,class=CODE,merge=1,delta=2
     7                           	psect	bssBANK0,global,class=BANK0,space=1,delta=1
     8                           	psect	dataBANK0,global,class=BANK0,space=1,delta=1
     9                           	psect	cstackCOMMON,global,class=COMMON,space=1,delta=1
    10                           	psect	cstackBANK0,global,class=BANK0,space=1,delta=1
    11                           	psect	maintext,global,class=CODE,split=1,delta=2
    12                           	psect	text1,local,class=CODE,merge=1,delta=2
    13                           	psect	text2,local,class=CODE,merge=1,delta=2
    14                           	psect	text3,local,class=CODE,merge=1,delta=2
    15                           	psect	text4,local,class=CODE,merge=1,delta=2
    16                           	psect	text5,local,class=CODE,merge=1,delta=2
    17                           	psect	text6,local,class=CODE,merge=1,delta=2
    18                           	psect	text7,local,class=CODE,merge=1,delta=2
    19                           	psect	intentry,global,class=CODE,delta=2
    20                           	psect	pa_nodes,global,class=CODE,delta=2
    21                           	dabs	1,0x7E,2
    22  0000                     	;# 
    23  0001                     	;# 
    24  0002                     	;# 
    25  0003                     	;# 
    26  0004                     	;# 
    27  0005                     	;# 
    28  0006                     	;# 
    29  000A                     	;# 
    30  000B                     	;# 
    31  000C                     	;# 
    32  000E                     	;# 
    33  000E                     	;# 
    34  000F                     	;# 
    35  0010                     	;# 
    36  0011                     	;# 
    37  0012                     	;# 
    38  0015                     	;# 
    39  0015                     	;# 
    40  0016                     	;# 
    41  0017                     	;# 
    42  0018                     	;# 
    43  0019                     	;# 
    44  001A                     	;# 
    45  001F                     	;# 
    46  0081                     	;# 
    47  0085                     	;# 
    48  0086                     	;# 
    49  008C                     	;# 
    50  008E                     	;# 
    51  0092                     	;# 
    52  0098                     	;# 
    53  0099                     	;# 
    54  009A                     	;# 
    55  009B                     	;# 
    56  009C                     	;# 
    57  009D                     	;# 
    58  009F                     	;# 
    59  0000                     	;# 
    60  0001                     	;# 
    61  0002                     	;# 
    62  0003                     	;# 
    63  0004                     	;# 
    64  0005                     	;# 
    65  0006                     	;# 
    66  000A                     	;# 
    67  000B                     	;# 
    68  000C                     	;# 
    69  000E                     	;# 
    70  000E                     	;# 
    71  000F                     	;# 
    72  0010                     	;# 
    73  0011                     	;# 
    74  0012                     	;# 
    75  0015                     	;# 
    76  0015                     	;# 
    77  0016                     	;# 
    78  0017                     	;# 
    79  0018                     	;# 
    80  0019                     	;# 
    81  001A                     	;# 
    82  001F                     	;# 
    83  0081                     	;# 
    84  0085                     	;# 
    85  0086                     	;# 
    86  008C                     	;# 
    87  008E                     	;# 
    88  0092                     	;# 
    89  0098                     	;# 
    90  0099                     	;# 
    91  009A                     	;# 
    92  009B                     	;# 
    93  009C                     	;# 
    94  009D                     	;# 
    95  009F                     	;# 
    96  0000                     	;# 
    97  0001                     	;# 
    98  0002                     	;# 
    99  0003                     	;# 
   100  0004                     	;# 
   101  0005                     	;# 
   102  0006                     	;# 
   103  000A                     	;# 
   104  000B                     	;# 
   105  000C                     	;# 
   106  000E                     	;# 
   107  000E                     	;# 
   108  000F                     	;# 
   109  0010                     	;# 
   110  0011                     	;# 
   111  0012                     	;# 
   112  0015                     	;# 
   113  0015                     	;# 
   114  0016                     	;# 
   115  0017                     	;# 
   116  0018                     	;# 
   117  0019                     	;# 
   118  001A                     	;# 
   119  001F                     	;# 
   120  0081                     	;# 
   121  0085                     	;# 
   122  0086                     	;# 
   123  008C                     	;# 
   124  008E                     	;# 
   125  0092                     	;# 
   126  0098                     	;# 
   127  0099                     	;# 
   128  009A                     	;# 
   129  009B                     	;# 
   130  009C                     	;# 
   131  009D                     	;# 
   132  009F                     	;# 
   133  0000                     	;# 
   134  0001                     	;# 
   135  0002                     	;# 
   136  0003                     	;# 
   137  0004                     	;# 
   138  0005                     	;# 
   139  0006                     	;# 
   140  000A                     	;# 
   141  000B                     	;# 
   142  000C                     	;# 
   143  000E                     	;# 
   144  000E                     	;# 
   145  000F                     	;# 
   146  0010                     	;# 
   147  0011                     	;# 
   148  0012                     	;# 
   149  0015                     	;# 
   150  0015                     	;# 
   151  0016                     	;# 
   152  0017                     	;# 
   153  0018                     	;# 
   154  0019                     	;# 
   155  001A                     	;# 
   156  001F                     	;# 
   157  0081                     	;# 
   158  0085                     	;# 
   159  0086                     	;# 
   160  008C                     	;# 
   161  008E                     	;# 
   162  0092                     	;# 
   163  0098                     	;# 
   164  0099                     	;# 
   165  009A                     	;# 
   166  009B                     	;# 
   167  009C                     	;# 
   168  009D                     	;# 
   169  009F                     	;# 
   170  0000                     	;# 
   171  0001                     	;# 
   172  0002                     	;# 
   173  0003                     	;# 
   174  0004                     	;# 
   175  0005                     	;# 
   176  0006                     	;# 
   177  000A                     	;# 
   178  000B                     	;# 
   179  000C                     	;# 
   180  000E                     	;# 
   181  000E                     	;# 
   182  000F                     	;# 
   183  0010                     	;# 
   184  0011                     	;# 
   185  0012                     	;# 
   186  0015                     	;# 
   187  0015                     	;# 
   188  0016                     	;# 
   189  0017                     	;# 
   190  0018                     	;# 
   191  0019                     	;# 
   192  001A                     	;# 
   193  001F                     	;# 
   194  0081                     	;# 
   195  0085                     	;# 
   196  0086                     	;# 
   197  008C                     	;# 
   198  008E                     	;# 
   199  0092                     	;# 
   200  0098                     	;# 
   201  0099                     	;# 
   202  009A                     	;# 
   203  009B                     	;# 
   204  009C                     	;# 
   205  009D                     	;# 
   206  009F                     	;# 
   207  0000                     	;# 
   208  0001                     	;# 
   209  0002                     	;# 
   210  0003                     	;# 
   211  0004                     	;# 
   212  0005                     	;# 
   213  0006                     	;# 
   214  000A                     	;# 
   215  000B                     	;# 
   216  000C                     	;# 
   217  000E                     	;# 
   218  000E                     	;# 
   219  000F                     	;# 
   220  0010                     	;# 
   221  0011                     	;# 
   222  0012                     	;# 
   223  0015                     	;# 
   224  0015                     	;# 
   225  0016                     	;# 
   226  0017                     	;# 
   227  0018                     	;# 
   228  0019                     	;# 
   229  001A                     	;# 
   230  001F                     	;# 
   231  0081                     	;# 
   232  0085                     	;# 
   233  0086                     	;# 
   234  008C                     	;# 
   235  008E                     	;# 
   236  0092                     	;# 
   237  0098                     	;# 
   238  0099                     	;# 
   239  009A                     	;# 
   240  009B                     	;# 
   241  009C                     	;# 
   242  009D                     	;# 
   243  009F                     	;# 
   244  0000                     	;# 
   245  0001                     	;# 
   246  0002                     	;# 
   247  0003                     	;# 
   248  0004                     	;# 
   249  0005                     	;# 
   250  0006                     	;# 
   251  000A                     	;# 
   252  000B                     	;# 
   253  000C                     	;# 
   254  000E                     	;# 
   255  000E                     	;# 
   256  000F                     	;# 
   257  0010                     	;# 
   258  0011                     	;# 
   259  0012                     	;# 
   260  0015                     	;# 
   261  0015                     	;# 
   262  0016                     	;# 
   263  0017                     	;# 
   264  0018                     	;# 
   265  0019                     	;# 
   266  001A                     	;# 
   267  001F                     	;# 
   268  0081                     	;# 
   269  0085                     	;# 
   270  0086                     	;# 
   271  008C                     	;# 
   272  008E                     	;# 
   273  0092                     	;# 
   274  0098                     	;# 
   275  0099                     	;# 
   276  009A                     	;# 
   277  009B                     	;# 
   278  009C                     	;# 
   279  009D                     	;# 
   280  009F                     	;# 
   281                           
   282                           	psect	idataBANK0
   283  0000                     __pidataBANK0:	
   284                           
   285                           	psect	strings
   286  0100                     __pstrings:	
   287  0100                     stringtab:	
   288  0100                     __stringtab:	
   289                           
   290                           ;	String table - string pointers are 1 byte each
   291  0100  1BFF               	btfsc	btemp+1,7
   292  0101  290A               	ljmp	stringcode
   293  0102  1383               	bcf	3,7
   294  0103  187F               	btfsc	btemp+1,0
   295  0104  1783               	bsf	3,7
   296  0105  0800               	movf	0,w
   297  0106  0A84               	incf	4,f
   298  0107  1903               	skipnz
   299  0108  0AFF               	incf	btemp+1,f
   300  0109  0008               	return
   301  010A                     stringcode:	
   302  010A                     stringdir:	
   303  010A  3001               	movlw	high stringdir
   304  010B  008A               	movwf	10
   305  010C  0804               	movf	4,w
   306  010D  0A84               	incf	4,f
   307  010E  0782               	addwf	2,f
   308  010F                     __stringbase:	
   309  010F  3400               	retlw	0
   310  0110                     __end_of__stringtab:	
   311  0110                     _hexpowers:	
   312  0110  3401               	retlw	1
   313  0111  3400               	retlw	0
   314  0112  3410               	retlw	16
   315  0113  3400               	retlw	0
   316  0114  3400               	retlw	0
   317  0115  3401               	retlw	1
   318  0116  3400               	retlw	0
   319  0117  3410               	retlw	16
   320  0118                     __end_of_hexpowers:	
   321  001F                     _CMCON	set	31
   322  000B                     _INTCONbits	set	11
   323  0005                     _PORTA	set	5
   324  0006                     _PORTB	set	6
   325  0006                     _PORTBbits	set	6
   326  0018                     _RCSTAbits	set	24
   327  0019                     _TXREG	set	25
   328  0031                     _RB1	set	49
   329  0064                     _TXIF	set	100
   330  0081                     _OPTION_REGbits	set	129
   331  0099                     _SPBRG	set	153
   332  0085                     _TRISA	set	133
   333  0086                     _TRISB	set	134
   334  0098                     _TXSTAbits	set	152
   335  04C1                     _TRMT	set	1217
   336  0118                     __stringdata:	
   337  0118                     STR_3:	
   338  0118  3425               	retlw	37	;'%'
   339  0119  3473               	retlw	115	;'s'
   340  011A  3420               	retlw	32	;' '
   341  011B  3465               	retlw	101	;'e'
   342  011C  346C               	retlw	108	;'l'
   343  011D  3420               	retlw	32	;' '
   344  011E  3463               	retlw	99	;'c'
   345  011F  3472               	retlw	114	;'r'
   346  0120  3463               	retlw	99	;'c'
   347  0121  3420               	retlw	32	;' '
   348  0122  3465               	retlw	101	;'e'
   349  0123  3473               	retlw	115	;'s'
   350  0124  343A               	retlw	58	;':'
   351  0125  3425               	retlw	37	;'%'
   352  0126  3458               	retlw	88	;'X'
   353  0127  340A               	retlw	10
   354  0128  340D               	retlw	13
   355  0129  3400               	retlw	0
   356  012A                     STR_5:	
   357  012A  3430               	retlw	48	;'0'
   358  012B  3431               	retlw	49	;'1'
   359  012C  3432               	retlw	50	;'2'
   360  012D  3433               	retlw	51	;'3'
   361  012E  3434               	retlw	52	;'4'
   362  012F  3435               	retlw	53	;'5'
   363  0130  3436               	retlw	54	;'6'
   364  0131  3437               	retlw	55	;'7'
   365  0132  3438               	retlw	56	;'8'
   366  0133  3439               	retlw	57	;'9'
   367  0134  3441               	retlw	65	;'A'
   368  0135  3442               	retlw	66	;'B'
   369  0136  3443               	retlw	67	;'C'
   370  0137  3444               	retlw	68	;'D'
   371  0138  3445               	retlw	69	;'E'
   372  0139  3446               	retlw	70	;'F'
   373  013A  3400               	retlw	0
   374  013B                     STR_4:	
   375  013B  3428               	retlw	40	;'('
   376  013C  346E               	retlw	110	;'n'
   377  013D  3475               	retlw	117	;'u'
   378  013E  346C               	retlw	108	;'l'
   379  013F  346C               	retlw	108	;'l'
   380  0140  3429               	retlw	41	;')'
   381  0141  3400               	retlw	0
   382  0142                     STR_1:	
   383  0142  340A               	retlw	10
   384  0143  3425               	retlw	37	;'%'
   385  0144  3473               	retlw	115	;'s'
   386  0145  340D               	retlw	13
   387  0146  3400               	retlw	0
   388  0147                     __end_of__stringdata:	
   389                           
   390                           ; #config settings
   391  0000                     
   392                           	psect	cinit
   393  000B                     start_initialization:	
   394  000B                     __initialization:	
   395  000B  3031               	movlw	49
   396                           
   397                           ; Clear objects allocated to BANK0
   398  000C  01C0               	clrf	__pbssBANK0& (0+127)
   399                           
   400                           ;initializer for main@F799
   401  000D  00B5               	movwf	__pdataBANK0& (0+127)
   402  000E  3059               	movlw	89
   403  000F  00B6               	movwf	(__pdataBANK0+1)& (0+127)
   404  0010  30D5               	movlw	213
   405  0011  00B7               	movwf	(__pdataBANK0+2)& (0+127)
   406  0012  30AA               	movlw	170
   407  0013  00B8               	movwf	(__pdataBANK0+3)& (0+127)
   408  0014  3031               	movlw	49
   409  0015  01B9               	clrf	(__pdataBANK0+4)& (0+127)
   410                           
   411                           ;initializer for main@F801
   412  0016  00BA               	movwf	(__pdataBANK0+5)& (0+127)
   413  0017  304E               	movlw	78
   414  0018  00BB               	movwf	(__pdataBANK0+6)& (0+127)
   415  0019  3095               	movlw	149
   416  001A  00BC               	movwf	(__pdataBANK0+7)& (0+127)
   417  001B  30A4               	movlw	164
   418  001C  00BD               	movwf	(__pdataBANK0+8)& (0+127)
   419  001D  304E               	movlw	78
   420  001E  01BE               	clrf	(__pdataBANK0+9)& (0+127)
   421                           
   422                           ;initializer for _datos
   423  001F  00BF               	movwf	(__pdataBANK0+10)& (0+127)
   424  0020                     end_of_initialization:	
   425                           ;End of C runtime variable initialization code
   426                           
   427  0020                     __end_of__initialization:	
   428  0020  0183               	clrf	3
   429  0021  28A3               	ljmp	_main	;jump to C main() function
   430                           
   431                           	psect	bssBANK0
   432  0040                     __pbssBANK0:	
   433  0040                     _Bandera_boton_pulsado:	
   434  0040                     	ds	1
   435                           
   436                           	psect	dataBANK0
   437  0035                     __pdataBANK0:	
   438  0035                     main@F799:	
   439  0035                     	ds	5
   440  003A                     main@F801:	
   441  003A                     	ds	5
   442  003F                     _datos:	
   443  003F                     	ds	1
   444                           
   445                           	psect	cstackCOMMON
   446  0070                     __pcstackCOMMON:	
   447  0070                     ?_ConfigureOscillator:	
   448  0070                     ?_configura_USART:	
   449                           ; 0 bytes @ 0x0
   450                           
   451  0070                     ?_InitApp:	
   452                           ; 0 bytes @ 0x0
   453                           
   454  0070                     ?_isr:	
   455                           ; 0 bytes @ 0x0
   456                           
   457  0070                     ??_isr:	
   458                           ; 0 bytes @ 0x0
   459                           
   460  0070                     ?_main:	
   461                           ; 0 bytes @ 0x0
   462                           
   463  0070                     ?_putch:	
   464                           ; 0 bytes @ 0x0
   465                           
   466                           
   467                           ; 0 bytes @ 0x0
   468  0070                     	ds	2
   469  0072                     ??_ConfigureOscillator:	
   470  0072                     ??_configura_USART:	
   471                           ; 0 bytes @ 0x2
   472                           
   473  0072                     ??_InitApp:	
   474                           ; 0 bytes @ 0x2
   475                           
   476  0072                     ??_putch:	
   477                           ; 0 bytes @ 0x2
   478                           
   479  0072                     ?___lwdiv:	
   480                           ; 0 bytes @ 0x2
   481                           
   482  0072                     putch@data:	
   483                           ; 2 bytes @ 0x2
   484                           
   485  0072                     ___lwdiv@divisor:	
   486                           ; 1 bytes @ 0x2
   487                           
   488                           
   489                           ; 2 bytes @ 0x2
   490  0072                     	ds	2
   491  0074                     ___lwdiv@dividend:	
   492                           
   493                           ; 2 bytes @ 0x4
   494  0074                     	ds	2
   495  0076                     ??___lwdiv:	
   496  0076                     ___lwdiv@quotient:	
   497                           ; 0 bytes @ 0x6
   498                           
   499                           
   500                           ; 2 bytes @ 0x6
   501  0076                     	ds	2
   502  0078                     ___lwdiv@counter:	
   503                           
   504                           ; 1 bytes @ 0x8
   505  0078                     	ds	1
   506  0079                     ?_printf:	
   507                           
   508                           ; 2 bytes @ 0x9
   509  0079                     	ds	1
   510  007A                     ??_printf:	
   511                           
   512                           ; 0 bytes @ 0xA
   513  007A                     	ds	2
   514                           
   515                           	psect	cstackBANK0
   516  0020                     __pcstackBANK0:	
   517  0020                     printf@idx:	
   518                           
   519                           ; 1 bytes @ 0x0
   520  0020                     	ds	1
   521  0021                     printf@f:	
   522                           
   523                           ; 1 bytes @ 0x1
   524  0021                     	ds	1
   525  0022                     printf@prec:	
   526                           
   527                           ; 1 bytes @ 0x2
   528  0022                     	ds	1
   529  0023                     printf@ap:	
   530                           
   531                           ; 1 bytes @ 0x3
   532  0023                     	ds	1
   533  0024                     printf@_val:	
   534                           
   535                           ; 4 bytes @ 0x4
   536  0024                     	ds	4
   537  0028                     printf@c:	
   538                           
   539                           ; 1 bytes @ 0x8
   540  0028                     	ds	1
   541  0029                     ??_main:	
   542                           
   543                           ; 0 bytes @ 0x9
   544  0029                     	ds	2
   545  002B                     main@enviaEncendido:	
   546                           
   547                           ; 5 bytes @ 0xB
   548  002B                     	ds	5
   549  0030                     main@enviaApagado:	
   550                           
   551                           ; 5 bytes @ 0x10
   552  0030                     	ds	5
   553                           
   554                           	psect	maintext
   555  00A3                     __pmaintext:	
   556 ;;
   557 ;;Main: autosize = 0, tempsize = 2, incstack = 0, save=0
   558 ;;
   559 ;; *************** function _main *****************
   560 ;; Defined at:
   561 ;;		line 62 in file "main_maestro.c"
   562 ;; Parameters:    Size  Location     Type
   563 ;;		None
   564 ;; Auto vars:     Size  Location     Type
   565 ;;  enviaApagado    5   16[BANK0 ] unsigned char [5]
   566 ;;  enviaEncendi    5   11[BANK0 ] unsigned char [5]
   567 ;; Return value:  Size  Location     Type
   568 ;;		None               void
   569 ;; Registers used:
   570 ;;		wreg, fsr0l, fsr0h, fsr1l, fsr1h, fsr1l, fsr1h, status,2, status,0, btemp+1, pclath, cstack
   571 ;; Tracked objects:
   572 ;;		On entry : 17F/0
   573 ;;		On exit  : 0/0
   574 ;;		Unchanged: 0/0
   575 ;; Data sizes:     COMMON   BANK0   BANK1   BANK2
   576 ;;      Params:         0       0       0       0
   577 ;;      Locals:         0      10       0       0
   578 ;;      Temps:          0       2       0       0
   579 ;;      Totals:         0      12       0       0
   580 ;;Total ram usage:       12 bytes
   581 ;; Hardware stack levels required when called:    3
   582 ;; This function calls:
   583 ;;		_ConfigureOscillator
   584 ;;		_configura_USART
   585 ;;		_InitApp
   586 ;;		_printf
   587 ;; This function is called by:
   588 ;;		Startup code after reset
   589 ;; This function uses a non-reentrant model
   590 ;;
   591                           
   592                           
   593                           ;psect for function _main
   594  00A3                     _main:	
   595                           
   596                           ;main_maestro.c: 68: ConfigureOscillator();
   597                           
   598                           ;incstack = 0
   599                           ; Regs used in _main: [allreg]
   600  00A3  21BA               	fcall	_ConfigureOscillator
   601                           
   602                           ;main_maestro.c: 71: configura_USART();
   603  00A4  21A7               	fcall	_configura_USART
   604                           
   605                           ;main_maestro.c: 72: InitApp();
   606  00A5  2171               	fcall	_InitApp
   607                           
   608                           ;main_maestro.c: 73: char enviaEncendido[5]={'1','Y',0xD5, 0xAA};
   609  00A6  302B               	movlw	main@enviaEncendido& (0+255)
   610  00A7  0084               	movwf	4
   611  00A8  1283               	bcf	3,5	;RP0=0, select bank0
   612  00A9  0835               	movf	main@F799,w
   613  00AA  0080               	movwf	0
   614  00AB  0A84               	incf	4,f
   615  00AC  0836               	movf	main@F799+1,w
   616  00AD  0080               	movwf	0
   617  00AE  0A84               	incf	4,f
   618  00AF  0837               	movf	main@F799+2,w
   619  00B0  0080               	movwf	0
   620  00B1  0A84               	incf	4,f
   621  00B2  0838               	movf	main@F799+3,w
   622  00B3  0080               	movwf	0
   623  00B4  0A84               	incf	4,f
   624  00B5  0839               	movf	main@F799+4,w
   625  00B6  0080               	movwf	0
   626                           
   627                           ;main_maestro.c: 74: char enviaApagado[5]={'1','N',0x95,0xA4};
   628  00B7  3030               	movlw	main@enviaApagado& (0+255)
   629  00B8  0084               	movwf	4
   630  00B9  083A               	movf	main@F801,w
   631  00BA  0080               	movwf	0
   632  00BB  0A84               	incf	4,f
   633  00BC  083B               	movf	main@F801+1,w
   634  00BD  0080               	movwf	0
   635  00BE  0A84               	incf	4,f
   636  00BF  083C               	movf	main@F801+2,w
   637  00C0  0080               	movwf	0
   638  00C1  0A84               	incf	4,f
   639  00C2  083D               	movf	main@F801+3,w
   640  00C3  0080               	movwf	0
   641  00C4  0A84               	incf	4,f
   642  00C5  083E               	movf	main@F801+4,w
   643  00C6  0080               	movwf	0
   644                           
   645                           ;main_maestro.c: 82: RB1=0;
   646  00C7  1086               	bcf	6,1	;volatile
   647  00C8                     l844:	
   648                           
   649                           ;main_maestro.c: 84: {
   650                           ;main_maestro.c: 86: if (Bandera_boton_pulsado){
   651  00C8  1283               	bcf	3,5	;RP0=0, select bank0
   652  00C9  1303               	bcf	3,6	;RP1=0, select bank0
   653  00CA  0840               	movf	_Bandera_boton_pulsado,w
   654  00CB  1903               	btfsc	3,2
   655  00CC  28F0               	goto	l46
   656                           
   657                           ;main_maestro.c: 88: INTCONbits.INTE=0;
   658  00CD  120B               	bcf	11,4	;volatile
   659                           
   660                           ;main_maestro.c: 92: PORTBbits.RB3=1;
   661  00CE  1586               	bsf	6,3	;volatile
   662                           
   663                           ;main_maestro.c: 95: _delay((unsigned long)((2)*(20000000UL/4000.0)));
   664  00CF  300D               	movlw	13
   665  00D0  00AA               	movwf	??_main+1
   666  00D1  30FB               	movlw	251
   667  00D2  00A9               	movwf	??_main
   668  00D3                     u417:	
   669  00D3  0BA9               	decfsz	??_main,f
   670  00D4  28D3               	goto	u417
   671  00D5  0BAA               	decfsz	??_main+1,f
   672  00D6  28D3               	goto	u417
   673  00D7  28D8               	nop2
   674                           
   675                           ;main_maestro.c: 98: if (datos=='Y'){
   676  00D8  1283               	bcf	3,5	;RP0=0, select bank0
   677  00D9  1303               	bcf	3,6	;RP1=0, select bank0
   678  00DA  083F               	movf	_datos,w
   679  00DB  3A59               	xorlw	89
   680  00DC  1D03               	skipz
   681  00DD  28E0               	goto	l852
   682                           
   683                           ;main_maestro.c: 99: printf("\n%s\r", enviaEncendido);
   684  00DE  302B               	movlw	main@enviaEncendido& (0+255)
   685  00DF  28E5               	goto	L1
   686  00E0                     l852:	
   687                           ;main_maestro.c: 100: }else if(datos=='N'){
   688                           
   689  00E0  083F               	movf	_datos,w
   690  00E1  3A4E               	xorlw	78
   691  00E2  1D03               	skipz
   692  00E3  28E8               	goto	l50
   693                           
   694                           ;main_maestro.c: 101: printf("\n%s\r", enviaApagado);
   695  00E4  3030               	movlw	main@enviaApagado& (0+255)
   696  00E5                     L1:	
   697  00E5  00F9               	movwf	?_printf
   698  00E6  3033               	movlw	(STR_1-__stringbase)& (0+255)
   699  00E7  2022               	fcall	_printf
   700  00E8                     l50:	
   701  00E8  1683               	bsf	3,5	;RP0=1, select bank1
   702  00E9  1C98               	btfss	24,1	;volatile
   703  00EA  28E8               	goto	l50
   704                           
   705                           ;main_maestro.c: 105: PORTBbits.RB3=0;
   706  00EB  1283               	bcf	3,5	;RP0=0, select bank0
   707  00EC  1186               	bcf	6,3	;volatile
   708                           
   709                           ;main_maestro.c: 106: Bandera_boton_pulsado=0;
   710  00ED  01C0               	clrf	_Bandera_boton_pulsado
   711                           
   712                           ;main_maestro.c: 108: INTCONbits.INTF=0;
   713  00EE  108B               	bcf	11,1	;volatile
   714                           
   715                           ;main_maestro.c: 111: INTCONbits.INTE=1;
   716  00EF  160B               	bsf	11,4	;volatile
   717  00F0                     l46:	
   718  00F0  0063               	sleep	;# 
   719  00F1  28C8               	goto	l844
   720  00F2                     __end_of_main:	
   721                           
   722                           	psect	text1
   723  0022                     __ptext1:	
   724 ;; *************** function _printf *****************
   725 ;; Defined at:
   726 ;;		line 465 in file "/opt/microchip/xc8/v1.21/sources/common/doprnt.c"
   727 ;; Parameters:    Size  Location     Type
   728 ;;  f               1    wreg     PTR const unsigned char 
   729 ;;		 -> STR_3(18), STR_2(5), STR_1(5), 
   730 ;; Auto vars:     Size  Location     Type
   731 ;;  f               1    1[BANK0 ] PTR const unsigned char 
   732 ;;		 -> STR_3(18), STR_2(5), STR_1(5), 
   733 ;;  idx             1    0[BANK0 ] unsigned char 
   734 ;;  _val            4    4[BANK0 ] struct .
   735 ;;  c               1    8[BANK0 ] char 
   736 ;;  ap              1    3[BANK0 ] PTR void [1]
   737 ;;		 -> ?_printf(2), 
   738 ;;  prec            1    2[BANK0 ] char 
   739 ;;  flag            1    0        unsigned char 
   740 ;; Return value:  Size  Location     Type
   741 ;;                  2    9[COMMON] int 
   742 ;; Registers used:
   743 ;;		wreg, fsr0l, fsr0h, status,2, status,0, btemp+1, pclath, cstack
   744 ;; Tracked objects:
   745 ;;		On entry : 60/0
   746 ;;		On exit  : 60/0
   747 ;;		Unchanged: 0/0
   748 ;; Data sizes:     COMMON   BANK0   BANK1   BANK2
   749 ;;      Params:         1       0       0       0
   750 ;;      Locals:         0       9       0       0
   751 ;;      Temps:          2       0       0       0
   752 ;;      Totals:         3       9       0       0
   753 ;;Total ram usage:       12 bytes
   754 ;; Hardware stack levels used:    1
   755 ;; Hardware stack levels required when called:    2
   756 ;; This function calls:
   757 ;;		_putch
   758 ;;		___lwdiv
   759 ;; This function is called by:
   760 ;;		_main
   761 ;; This function uses a non-reentrant model
   762 ;;
   763                           
   764                           
   765                           ;psect for function _printf
   766  0022                     _printf:	
   767                           
   768                           ;incstack = 0
   769                           ; Regs used in _printf: [wreg-fsr0h+status,2+status,0+btemp+1+pclath+cstack]
   770                           ;printf@f stored from wreg
   771  0022  00A1               	movwf	printf@f
   772                           
   773                           ;doprnt.c: 466: va_list ap;
   774                           ;doprnt.c: 499: signed char c;
   775                           ;doprnt.c: 506: signed char prec;
   776                           ;doprnt.c: 508: unsigned char flag;
   777                           ;doprnt.c: 527: union {
   778                           ;doprnt.c: 528: unsigned int _val;
   779                           ;doprnt.c: 529: struct {
   780                           ;doprnt.c: 530: const char * _cp;
   781                           ;doprnt.c: 531: unsigned _len;
   782                           ;doprnt.c: 532: } _str;
   783                           ;doprnt.c: 533: } _val;
   784                           ;doprnt.c: 542: *ap = __va_start();
   785  0023  3079               	movlw	?_printf& (0+255)
   786  0024  00A3               	movwf	printf@ap
   787  0025                     l954:	
   788                           ;doprnt.c: 545: while(c = *f++) {
   789                           
   790  0025  0821               	movf	printf@f,w
   791  0026  0AA1               	incf	printf@f,f
   792  0027  0084               	movwf	4
   793  0028  210A               	fcall	stringdir
   794  0029  00A8               	movwf	printf@c
   795  002A  08A8               	movf	printf@c,f
   796  002B  1903               	btfsc	3,2
   797  002C  0008               	return
   798                           
   799                           ;doprnt.c: 547: if(c != '%')
   800  002D  3A25               	xorlw	37
   801  002E  1903               	skipnz
   802  002F  2852               	goto	l922
   803                           
   804                           ;doprnt.c: 549: {
   805                           ;doprnt.c: 550: (putch(c) );
   806  0030  0828               	movf	printf@c,w
   807  0031  21B4               	fcall	_putch
   808                           
   809                           ;doprnt.c: 551: continue;
   810  0032  2825               	goto	l954
   811  0033                     l906:	
   812                           
   813                           ;doprnt.c: 743: _val._str._cp = (*(const char * *)__va_arg((*(const char * **)ap), (cons
      +                          t char *)0));
   814  0033  0823               	movf	printf@ap,w
   815  0034  0084               	movwf	4
   816  0035  0800               	movf	0,w
   817  0036  00A4               	movwf	printf@_val
   818  0037  01A5               	clrf	printf@_val+1
   819  0038  0AA3               	incf	printf@ap,f
   820                           
   821                           ;doprnt.c: 749: if(!_val._str._cp)
   822  0039  0425               	iorwf	printf@_val+1,w
   823  003A  1D03               	skipz
   824  003B  2840               	goto	l918
   825                           
   826                           ;doprnt.c: 750: _val._str._cp = "(null)";
   827  003C  302C               	movlw	low (STR_4-__stringbase)
   828  003D  00A4               	movwf	printf@_val
   829  003E  3080               	movlw	128
   830  003F  00A5               	movwf	printf@_val+1
   831  0040                     l918:	
   832  0040  0825               	movf	printf@_val+1,w
   833  0041  00FF               	movwf	127
   834  0042  0824               	movf	printf@_val,w
   835  0043  0084               	movwf	4
   836  0044  2100               	fcall	stringtab
   837  0045  3800               	iorlw	0
   838  0046  1903               	btfsc	3,2
   839  0047  2825               	goto	l954
   840                           
   841                           ;doprnt.c: 787: (putch(*_val._str._cp++) );
   842  0048  0825               	movf	printf@_val+1,w
   843  0049  00FF               	movwf	127
   844  004A  0824               	movf	printf@_val,w
   845  004B  0084               	movwf	4
   846  004C  2100               	fcall	stringtab
   847  004D  21B4               	fcall	_putch
   848  004E  0AA4               	incf	printf@_val,f
   849  004F  1903               	skipnz
   850  0050  0AA5               	incf	printf@_val+1,f
   851  0051  2840               	goto	l918
   852  0052                     l922:	
   853  0052  0821               	movf	printf@f,w
   854  0053  0AA1               	incf	printf@f,f
   855  0054  0084               	movwf	4
   856  0055  210A               	fcall	stringdir
   857  0056  00A8               	movwf	printf@c
   858                           
   859                           ; Switch size 1, requested type "space"
   860                           ; Number of cases is 4, Range of values is 0 to 120
   861                           ; switch strategies available:
   862                           ; Name         Instructions Cycles
   863                           ; simple_byte           13     7 (average)
   864                           ; direct_byte          127     6 (fixed)
   865                           ; jumptable            260     6 (fixed)
   866                           ;	Chosen strategy is simple_byte
   867  0057  3A00               	xorlw	0	; case 0
   868  0058  1903               	skipnz
   869  0059  28A2               	goto	l169
   870  005A  3A58               	xorlw	88	; case 88
   871  005B  1903               	skipnz
   872  005C  2864               	goto	l924
   873  005D  3A2B               	xorlw	43	; case 115
   874  005E  1903               	skipnz
   875  005F  2833               	goto	l906
   876  0060  3A0B               	xorlw	11	; case 120
   877  0061  1903               	skipnz
   878  0062  2864               	goto	l924
   879  0063  2825               	goto	l954
   880  0064                     l924:	
   881                           
   882                           ;doprnt.c: 1280: {
   883                           ;doprnt.c: 1293: _val._val = (*(unsigned *)__va_arg((*(unsigned **)ap), (unsigned)0));
   884  0064  0823               	movf	printf@ap,w
   885  0065  0084               	movwf	4
   886  0066  0800               	movf	0,w
   887  0067  00A4               	movwf	printf@_val
   888  0068  0A84               	incf	4,f
   889  0069  0800               	movf	0,w
   890  006A  00A5               	movwf	printf@_val+1
   891  006B  0AA3               	incf	printf@ap,f
   892  006C  0AA3               	incf	printf@ap,f
   893                           
   894                           ;doprnt.c: 1294: }
   895                           ;doprnt.c: 1323: for(c = 1 ; c != sizeof hexpowers/sizeof hexpowers[0] ; c++)
   896  006D  01A8               	clrf	printf@c
   897  006E  0AA8               	incf	printf@c,f
   898  006F                     l934:	
   899                           
   900                           ;doprnt.c: 1324: if(_val._val < hexpowers[c])
   901  006F  1003               	clrc
   902  0070  0D28               	rlf	printf@c,w
   903  0071  3E01               	addlw	low (_hexpowers-__stringbase)
   904  0072  0084               	movwf	4
   905  0073  210A               	fcall	stringdir
   906  0074  00FA               	movwf	??_printf
   907  0075  210A               	fcall	stringdir
   908  0076  00FB               	movwf	??_printf+1
   909  0077  0225               	subwf	printf@_val+1,w
   910  0078  1D03               	skipz
   911  0079  287C               	goto	u325
   912  007A  087A               	movf	??_printf,w
   913  007B  0224               	subwf	printf@_val,w
   914  007C                     u325:	
   915  007C  1C03               	btfss	3,0
   916  007D  2883               	goto	l942
   917  007E  0AA8               	incf	printf@c,f
   918  007F  0828               	movf	printf@c,w
   919  0080  3A04               	xorlw	4
   920  0081  1D03               	skipz
   921  0082  286F               	goto	l934
   922  0083                     l942:	
   923                           
   924                           ;doprnt.c: 1429: {
   925                           ;doprnt.c: 1476: }
   926                           ;doprnt.c: 1479: prec = c;
   927  0083  0828               	movf	printf@c,w
   928  0084  00A2               	movwf	printf@prec
   929                           
   930                           ;doprnt.c: 1481: while(prec--) {
   931  0085  289E               	goto	l952
   932  0086                     l944:	
   933                           
   934                           ;doprnt.c: 1485: {
   935                           ;doprnt.c: 1506: {
   936                           ;doprnt.c: 1507: unsigned char idx = (_val._val / hexpowers[prec]) & 0xF;
   937  0086  0825               	movf	printf@_val+1,w
   938  0087  00F5               	movwf	?___lwdiv+3
   939  0088  0824               	movf	printf@_val,w
   940  0089  00F4               	movwf	?___lwdiv+2
   941  008A  1003               	clrc
   942  008B  0D22               	rlf	printf@prec,w
   943  008C  3E01               	addlw	low (_hexpowers-__stringbase)
   944  008D  0084               	movwf	4
   945  008E  210A               	fcall	stringdir
   946  008F  00F2               	movwf	?___lwdiv
   947  0090  210A               	fcall	stringdir
   948  0091  00F3               	movwf	?___lwdiv+1
   949  0092  2147               	fcall	___lwdiv
   950  0093  0872               	movf	?___lwdiv,w
   951  0094  00A0               	movwf	printf@idx
   952  0095  300F               	movlw	15
   953  0096  05A0               	andwf	printf@idx,f
   954                           
   955                           ;doprnt.c: 1511: c = "0123456789ABCDEF"[idx];
   956  0097  0820               	movf	printf@idx,w
   957  0098  3E1B               	addlw	low (STR_5-__stringbase)
   958  0099  0084               	movwf	4
   959  009A  210A               	fcall	stringdir
   960  009B  00A8               	movwf	printf@c
   961                           
   962                           ;doprnt.c: 1515: }
   963                           ;doprnt.c: 1530: }
   964                           ;doprnt.c: 1531: (putch(c) );
   965  009C  0828               	movf	printf@c,w
   966  009D  21B4               	fcall	_putch
   967  009E                     l952:	
   968  009E  03A2               	decf	printf@prec,f
   969  009F  0F22               	incfsz	printf@prec,w
   970  00A0  2886               	goto	l944
   971  00A1  2825               	goto	l954
   972  00A2                     l169:	
   973  00A2  0008               	return
   974  00A3                     __end_of_printf:	
   975                           
   976                           	psect	text2
   977  0147                     __ptext2:	
   978 ;; *************** function ___lwdiv *****************
   979 ;; Defined at:
   980 ;;		line 5 in file "/opt/microchip/xc8/v1.21/sources/pic/lwdiv.c"
   981 ;; Parameters:    Size  Location     Type
   982 ;;  divisor         2    2[COMMON] unsigned int 
   983 ;;  dividend        2    4[COMMON] unsigned int 
   984 ;; Auto vars:     Size  Location     Type
   985 ;;  quotient        2    6[COMMON] unsigned int 
   986 ;;  counter         1    8[COMMON] unsigned char 
   987 ;; Return value:  Size  Location     Type
   988 ;;                  2    2[COMMON] unsigned int 
   989 ;; Registers used:
   990 ;;		wreg, status,2, status,0
   991 ;; Tracked objects:
   992 ;;		On entry : 60/0
   993 ;;		On exit  : 60/0
   994 ;;		Unchanged: 60/0
   995 ;; Data sizes:     COMMON   BANK0   BANK1   BANK2
   996 ;;      Params:         4       0       0       0
   997 ;;      Locals:         3       0       0       0
   998 ;;      Temps:          0       0       0       0
   999 ;;      Totals:         7       0       0       0
  1000 ;;Total ram usage:        7 bytes
  1001 ;; Hardware stack levels used:    1
  1002 ;; Hardware stack levels required when called:    1
  1003 ;; This function calls:
  1004 ;;		Nothing
  1005 ;; This function is called by:
  1006 ;;		_printf
  1007 ;; This function uses a non-reentrant model
  1008 ;;
  1009                           
  1010                           
  1011                           ;psect for function ___lwdiv
  1012  0147                     ___lwdiv:	
  1013                           
  1014                           ;incstack = 0
  1015                           ; Regs used in ___lwdiv: [wreg+status,2+status,0]
  1016  0147  01F6               	clrf	___lwdiv@quotient
  1017  0148  01F7               	clrf	___lwdiv@quotient+1
  1018  0149  0873               	movf	___lwdiv@divisor+1,w
  1019  014A  0472               	iorwf	___lwdiv@divisor,w
  1020  014B  1903               	skipnz
  1021  014C  296C               	goto	l982
  1022  014D  01F8               	clrf	___lwdiv@counter
  1023  014E                     L2:	
  1024  014E  0AF8               	incf	___lwdiv@counter,f
  1025  014F  1BF3               	btfsc	___lwdiv@divisor+1,7
  1026  0150  2955               	goto	l970
  1027  0151  1003               	clrc
  1028  0152  0DF2               	rlf	___lwdiv@divisor,f
  1029  0153  0DF3               	rlf	___lwdiv@divisor+1,f
  1030  0154  294E               	goto	L2
  1031  0155                     l970:	
  1032  0155  1003               	clrc
  1033  0156  0DF6               	rlf	___lwdiv@quotient,f
  1034  0157  0DF7               	rlf	___lwdiv@quotient+1,f
  1035  0158  0873               	movf	___lwdiv@divisor+1,w
  1036  0159  0275               	subwf	___lwdiv@dividend+1,w
  1037  015A  1D03               	skipz
  1038  015B  295E               	goto	u395
  1039  015C  0872               	movf	___lwdiv@divisor,w
  1040  015D  0274               	subwf	___lwdiv@dividend,w
  1041  015E                     u395:	
  1042  015E  1C03               	skipc
  1043  015F  2968               	goto	L3
  1044  0160  0872               	movf	___lwdiv@divisor,w
  1045  0161  02F4               	subwf	___lwdiv@dividend,f
  1046  0162  0873               	movf	___lwdiv@divisor+1,w
  1047  0163  1C03               	skipc
  1048  0164  03F5               	decf	___lwdiv@dividend+1,f
  1049  0165  02F5               	subwf	___lwdiv@dividend+1,f
  1050  0166  1476               	bsf	___lwdiv@quotient,0
  1051  0167  1003               	clrc
  1052  0168                     L3:	
  1053  0168  0CF3               	rrf	___lwdiv@divisor+1,f
  1054  0169  0CF2               	rrf	___lwdiv@divisor,f
  1055  016A  0BF8               	decfsz	___lwdiv@counter,f
  1056  016B  2955               	goto	l970
  1057  016C                     l982:	
  1058  016C  0877               	movf	___lwdiv@quotient+1,w
  1059  016D  00F3               	movwf	?___lwdiv+1
  1060  016E  0876               	movf	___lwdiv@quotient,w
  1061  016F  00F2               	movwf	?___lwdiv
  1062  0170  0008               	return
  1063  0171                     __end_of___lwdiv:	
  1064                           
  1065                           	psect	text3
  1066  01B4                     __ptext3:	
  1067 ;; *************** function _putch *****************
  1068 ;; Defined at:
  1069 ;;		line 70 in file "usart1_maestro.c"
  1070 ;; Parameters:    Size  Location     Type
  1071 ;;  data            1    wreg     unsigned char 
  1072 ;; Auto vars:     Size  Location     Type
  1073 ;;  data            1    2[COMMON] unsigned char 
  1074 ;; Return value:  Size  Location     Type
  1075 ;;		None               void
  1076 ;; Registers used:
  1077 ;;		wreg
  1078 ;; Tracked objects:
  1079 ;;		On entry : 60/0
  1080 ;;		On exit  : 60/0
  1081 ;;		Unchanged: 0/0
  1082 ;; Data sizes:     COMMON   BANK0   BANK1   BANK2
  1083 ;;      Params:         0       0       0       0
  1084 ;;      Locals:         1       0       0       0
  1085 ;;      Temps:          0       0       0       0
  1086 ;;      Totals:         1       0       0       0
  1087 ;;Total ram usage:        1 bytes
  1088 ;; Hardware stack levels used:    1
  1089 ;; Hardware stack levels required when called:    1
  1090 ;; This function calls:
  1091 ;;		Nothing
  1092 ;; This function is called by:
  1093 ;;		_printf
  1094 ;; This function uses a non-reentrant model
  1095 ;;
  1096                           
  1097                           
  1098                           ;psect for function _putch
  1099  01B4                     _putch:	
  1100                           
  1101                           ;incstack = 0
  1102                           ; Regs used in _putch: [wreg]
  1103                           ;putch@data stored from wreg
  1104  01B4  00F2               	movwf	putch@data
  1105  01B5                     l74:	
  1106                           ;usart1_maestro.c: 71: while( ! TXIF)
  1107                           
  1108  01B5  1E0C               	btfss	12,4	;volatile
  1109  01B6  29B5               	goto	l74
  1110                           
  1111                           ;usart1_maestro.c: 73: TXREG = data;
  1112  01B7  0872               	movf	putch@data,w
  1113  01B8  0099               	movwf	25	;volatile
  1114  01B9  0008               	return
  1115  01BA                     __end_of_putch:	
  1116                           
  1117                           	psect	text4
  1118  0171                     __ptext4:	
  1119 ;; *************** function _InitApp *****************
  1120 ;; Defined at:
  1121 ;;		line 23 in file "user_maestro.c"
  1122 ;; Parameters:    Size  Location     Type
  1123 ;;		None
  1124 ;; Auto vars:     Size  Location     Type
  1125 ;;		None
  1126 ;; Return value:  Size  Location     Type
  1127 ;;		None               void
  1128 ;; Registers used:
  1129 ;;		wreg, status,2, status,0
  1130 ;; Tracked objects:
  1131 ;;		On entry : 17F/0
  1132 ;;		On exit  : 17F/20
  1133 ;;		Unchanged: 11F/0
  1134 ;; Data sizes:     COMMON   BANK0   BANK1   BANK2
  1135 ;;      Params:         0       0       0       0
  1136 ;;      Locals:         0       0       0       0
  1137 ;;      Temps:          0       0       0       0
  1138 ;;      Totals:         0       0       0       0
  1139 ;;Total ram usage:        0 bytes
  1140 ;; Hardware stack levels used:    1
  1141 ;; Hardware stack levels required when called:    1
  1142 ;; This function calls:
  1143 ;;		Nothing
  1144 ;; This function is called by:
  1145 ;;		_main
  1146 ;; This function uses a non-reentrant model
  1147 ;;
  1148                           
  1149                           
  1150                           ;psect for function _InitApp
  1151  0171                     _InitApp:	
  1152                           
  1153                           ;user_maestro.c: 26: PORTB=0b00000000;
  1154                           
  1155                           ;incstack = 0
  1156                           ; Regs used in _InitApp: [wreg+status,2+status,0]
  1157  0171  0186               	clrf	6	;volatile
  1158                           
  1159                           ;user_maestro.c: 28: PORTA=0b00000000;
  1160  0172  0185               	clrf	5	;volatile
  1161                           
  1162                           ;user_maestro.c: 33: TRISB=0b00000001;
  1163  0173  3001               	movlw	1
  1164  0174  1683               	bsf	3,5	;RP0=1, select bank1
  1165  0175  0086               	movwf	6	;volatile
  1166                           
  1167                           ;user_maestro.c: 34: CMCON=0x00000111;
  1168  0176  3011               	movlw	17
  1169  0177  1283               	bcf	3,5	;RP0=0, select bank0
  1170  0178  009F               	movwf	31	;volatile
  1171                           
  1172                           ;user_maestro.c: 36: TRISA=0b00000000;
  1173  0179  1683               	bsf	3,5	;RP0=1, select bank1
  1174  017A  0185               	clrf	5	;volatile
  1175                           
  1176                           ;user_maestro.c: 40: OPTION_REGbits.PS=0b000;
  1177  017B  30F8               	movlw	-8
  1178  017C  0581               	andwf	1,f	;volatile
  1179                           
  1180                           ;user_maestro.c: 41: OPTION_REGbits.PSA=0;
  1181  017D  1181               	bcf	1,3	;volatile
  1182                           
  1183                           ;user_maestro.c: 42: OPTION_REGbits.T0CS=0;
  1184  017E  1281               	bcf	1,5	;volatile
  1185                           
  1186                           ;user_maestro.c: 43: OPTION_REGbits.T0SE=0;
  1187  017F  1201               	bcf	1,4	;volatile
  1188                           
  1189                           ;user_maestro.c: 44: OPTION_REGbits.nRBPU=1;
  1190  0180  1781               	bsf	1,7	;volatile
  1191                           
  1192                           ;user_maestro.c: 48: if (PORTBbits.RB0==1){
  1193  0181  1283               	bcf	3,5	;RP0=0, select bank0
  1194  0182  1C06               	btfss	6,0	;volatile
  1195  0183  2987               	goto	l126
  1196                           
  1197                           ;user_maestro.c: 49: OPTION_REGbits.INTEDG=0;
  1198  0184  1683               	bsf	3,5	;RP0=1, select bank1
  1199  0185  1301               	bcf	1,6	;volatile
  1200                           
  1201                           ;user_maestro.c: 50: }else{
  1202  0186  2989               	goto	l127
  1203  0187                     l126:	
  1204                           
  1205                           ;user_maestro.c: 51: OPTION_REGbits.INTEDG=1;
  1206  0187  1683               	bsf	3,5	;RP0=1, select bank1
  1207  0188  1701               	bsf	1,6	;volatile
  1208  0189                     l127:	
  1209                           
  1210                           ;user_maestro.c: 52: }
  1211                           ;user_maestro.c: 59: INTCONbits.INTF=0;
  1212  0189  108B               	bcf	11,1	;volatile
  1213                           
  1214                           ;user_maestro.c: 60: INTCONbits.INTE=1;
  1215  018A  160B               	bsf	11,4	;volatile
  1216                           
  1217                           ;user_maestro.c: 63: INTCONbits.GIE=1;
  1218  018B  178B               	bsf	11,7	;volatile
  1219  018C  0008               	return
  1220  018D                     __end_of_InitApp:	
  1221                           
  1222                           	psect	text5
  1223  01A7                     __ptext5:	
  1224 ;; *************** function _configura_USART *****************
  1225 ;; Defined at:
  1226 ;;		line 14 in file "usart1_maestro.c"
  1227 ;; Parameters:    Size  Location     Type
  1228 ;;		None
  1229 ;; Auto vars:     Size  Location     Type
  1230 ;;		None
  1231 ;; Return value:  Size  Location     Type
  1232 ;;		None               void
  1233 ;; Registers used:
  1234 ;;		wreg
  1235 ;; Tracked objects:
  1236 ;;		On entry : 17F/0
  1237 ;;		On exit  : 17F/0
  1238 ;;		Unchanged: 11F/0
  1239 ;; Data sizes:     COMMON   BANK0   BANK1   BANK2
  1240 ;;      Params:         0       0       0       0
  1241 ;;      Locals:         0       0       0       0
  1242 ;;      Temps:          0       0       0       0
  1243 ;;      Totals:         0       0       0       0
  1244 ;;Total ram usage:        0 bytes
  1245 ;; Hardware stack levels used:    1
  1246 ;; Hardware stack levels required when called:    1
  1247 ;; This function calls:
  1248 ;;		Nothing
  1249 ;; This function is called by:
  1250 ;;		_main
  1251 ;; This function uses a non-reentrant model
  1252 ;;
  1253                           
  1254                           
  1255                           ;psect for function _configura_USART
  1256  01A7                     _configura_USART:	
  1257                           
  1258                           ;usart1_maestro.c: 26: SPBRG= 20000000UL/64/2400-1;
  1259                           
  1260                           ;incstack = 0
  1261                           ; Regs used in _configura_USART: [wreg]
  1262  01A7  3081               	movlw	129
  1263  01A8  1683               	bsf	3,5	;RP0=1, select bank1
  1264  01A9  0099               	movwf	25	;volatile
  1265                           
  1266                           ;usart1_maestro.c: 28: TXSTAbits.CSRC=1;
  1267  01AA  1798               	bsf	24,7	;volatile
  1268                           
  1269                           ;usart1_maestro.c: 33: TXSTAbits.TX9=0;
  1270  01AB  1318               	bcf	24,6	;volatile
  1271                           
  1272                           ;usart1_maestro.c: 37: TXSTAbits.SYNC=0;
  1273  01AC  1218               	bcf	24,4	;volatile
  1274                           
  1275                           ;usart1_maestro.c: 42: TXSTAbits.BRGH=0;
  1276  01AD  1118               	bcf	24,2	;volatile
  1277                           
  1278                           ;usart1_maestro.c: 48: TXSTAbits.TX9D=1;
  1279  01AE  1418               	bsf	24,0	;volatile
  1280                           
  1281                           ;usart1_maestro.c: 52: TXSTAbits.TXEN=1;
  1282  01AF  1698               	bsf	24,5	;volatile
  1283                           
  1284                           ;usart1_maestro.c: 55: RCSTAbits.SPEN=1;
  1285  01B0  1283               	bcf	3,5	;RP0=0, select bank0
  1286  01B1  1798               	bsf	24,7	;volatile
  1287                           
  1288                           ;usart1_maestro.c: 59: RCSTAbits.CREN=0;
  1289  01B2  1218               	bcf	24,4	;volatile
  1290  01B3  0008               	return
  1291  01B4                     __end_of_configura_USART:	
  1292                           
  1293                           	psect	text6
  1294  01BA                     __ptext6:	
  1295 ;; *************** function _ConfigureOscillator *****************
  1296 ;; Defined at:
  1297 ;;		line 19 in file "system_maestro.c"
  1298 ;; Parameters:    Size  Location     Type
  1299 ;;		None
  1300 ;; Auto vars:     Size  Location     Type
  1301 ;;		None
  1302 ;; Return value:  Size  Location     Type
  1303 ;;		None               void
  1304 ;; Registers used:
  1305 ;;		None
  1306 ;; Tracked objects:
  1307 ;;		On entry : 17F/0
  1308 ;;		On exit  : 17F/0
  1309 ;;		Unchanged: 17F/0
  1310 ;; Data sizes:     COMMON   BANK0   BANK1   BANK2
  1311 ;;      Params:         0       0       0       0
  1312 ;;      Locals:         0       0       0       0
  1313 ;;      Temps:          0       0       0       0
  1314 ;;      Totals:         0       0       0       0
  1315 ;;Total ram usage:        0 bytes
  1316 ;; Hardware stack levels used:    1
  1317 ;; Hardware stack levels required when called:    1
  1318 ;; This function calls:
  1319 ;;		Nothing
  1320 ;; This function is called by:
  1321 ;;		_main
  1322 ;; This function uses a non-reentrant model
  1323 ;;
  1324                           
  1325                           
  1326                           ;psect for function _ConfigureOscillator
  1327  01BA                     _ConfigureOscillator:	
  1328                           
  1329                           ;incstack = 0
  1330                           ; Regs used in _ConfigureOscillator: []
  1331  01BA  0008               	return
  1332  01BB                     __end_of_ConfigureOscillator:	
  1333                           
  1334                           	psect	text7
  1335  018D                     __ptext7:	
  1336 ;; *************** function _isr *****************
  1337 ;; Defined at:
  1338 ;;		line 24 in file "interrupts_maestro.c"
  1339 ;; Parameters:    Size  Location     Type
  1340 ;;		None
  1341 ;; Auto vars:     Size  Location     Type
  1342 ;;		None
  1343 ;; Return value:  Size  Location     Type
  1344 ;;		None               void
  1345 ;; Registers used:
  1346 ;;		wreg, status,2, status,0
  1347 ;; Tracked objects:
  1348 ;;		On entry : 0/0
  1349 ;;		On exit  : 0/0
  1350 ;;		Unchanged: 0/0
  1351 ;; Data sizes:     COMMON   BANK0   BANK1   BANK2
  1352 ;;      Params:         0       0       0       0
  1353 ;;      Locals:         0       0       0       0
  1354 ;;      Temps:          2       0       0       0
  1355 ;;      Totals:         2       0       0       0
  1356 ;;Total ram usage:        2 bytes
  1357 ;; Hardware stack levels used:    1
  1358 ;; This function calls:
  1359 ;;		Nothing
  1360 ;; This function is called by:
  1361 ;;		Interrupt level 1
  1362 ;; This function uses a non-reentrant model
  1363 ;;
  1364                           
  1365                           
  1366                           ;psect for function _isr
  1367  018D                     _isr:	
  1368                           
  1369                           ;interrupts_maestro.c: 26: if(INTCONbits.INTF==1){
  1370  018D  1C8B               	btfss	11,1	;volatile
  1371  018E  29A0               	goto	i1l16
  1372                           
  1373                           ;interrupts_maestro.c: 29: if (OPTION_REGbits.INTEDG==1){
  1374  018F  1683               	bsf	3,5	;RP0=1, select bank1
  1375  0190  1303               	bcf	3,6	;RP1=0, select bank1
  1376  0191  1F01               	btfss	1,6	;volatile
  1377  0192  2996               	goto	i1l12
  1378                           
  1379                           ;interrupts_maestro.c: 30: OPTION_REGbits.INTEDG=0;
  1380  0193  1301               	bcf	1,6	;volatile
  1381                           
  1382                           ;interrupts_maestro.c: 31: datos='Y';
  1383  0194  3059               	movlw	89
  1384  0195  2998               	goto	L4
  1385  0196                     i1l12:	
  1386                           ;interrupts_maestro.c: 32: }else{
  1387                           
  1388                           
  1389                           ;interrupts_maestro.c: 33: OPTION_REGbits.INTEDG=1;
  1390  0196  1701               	bsf	1,6	;volatile
  1391                           
  1392                           ;interrupts_maestro.c: 35: datos='N';
  1393  0197  304E               	movlw	78
  1394  0198                     L4:	
  1395  0198  1283               	bcf	3,5	;RP0=0, select bank0
  1396  0199  00BF               	movwf	_datos
  1397                           
  1398                           ;interrupts_maestro.c: 36: }
  1399                           ;interrupts_maestro.c: 44: INTCONbits.INTF=0;
  1400  019A  108B               	bcf	11,1	;volatile
  1401                           
  1402                           ;interrupts_maestro.c: 48: if (!Bandera_boton_pulsado)INTCONbits.INTE=0;
  1403  019B  08C0               	movf	_Bandera_boton_pulsado,f
  1404  019C  1903               	btfsc	3,2
  1405  019D  120B               	bcf	11,4	;volatile
  1406                           
  1407                           ;interrupts_maestro.c: 50: Bandera_boton_pulsado=1;
  1408  019E  01C0               	clrf	_Bandera_boton_pulsado
  1409  019F  0AC0               	incf	_Bandera_boton_pulsado,f
  1410  01A0                     i1l16:	
  1411                           ;interrupts_maestro.c: 51: }
  1412                           
  1413  01A0  0871               	movf	??_isr+1,w
  1414  01A1  008A               	movwf	10
  1415  01A2  0E70               	swapf	??_isr^(0+-128),w
  1416  01A3  0083               	movwf	3
  1417  01A4  0EFE               	swapf	126,f
  1418  01A5  0E7E               	swapf	126,w
  1419  01A6  0009               	retfie
  1420  01A7                     __end_of_isr:	
  1421  007E                     btemp	set	126	;btemp
  1422  007E                     wtemp0	set	126
  1423                           
  1424                           	psect	intentry
  1425  0004                     __pintentry:	
  1426                           ;incstack = 0
  1427                           ; Regs used in _isr: [wreg+status,2+status,0]
  1428                           
  1429  0004                     interrupt_function:	
  1430  007E                     saved_w	set	btemp
  1431  0004  00FE               	movwf	btemp
  1432  0005  0E03               	swapf	3,w
  1433  0006  00F0               	movwf	??_isr
  1434  0007  080A               	movf	10,w
  1435  0008  00F1               	movwf	??_isr+1
  1436  0009  298D               	ljmp	_isr


Data Sizes:
    Strings     47
    Constant    8
    Data        11
    BSS         1
    Persistent  0
    Stack       0

Auto Spaces:
    Space          Size  Autos    Used
    COMMON           14     12      12
    BANK0            80     21      33
    BANK1            80      0       0
    BANK2            48      0       0

Pointer List with Targets:

    ?___lwdiv	unsigned int  size(1) Largest target is 0

    printf@f	PTR const unsigned char  size(1) Largest target is 18
		 -> STR_3(CODE[18]), STR_2(CODE[5]), STR_1(CODE[5]), 

    printf@_val._cp	PTR const unsigned char  size(2) Largest target is 7
		 -> STR_4(CODE[7]), main@enviaApagado(BANK0[5]), main@enviaEncendido(BANK0[5]), 

    ?_printf	int  size(1) Largest target is 5
		 -> main@enviaApagado(BANK0[5]), main@enviaEncendido(BANK0[5]), 

    printf@ap	PTR void [1] size(1) Largest target is 2
		 -> ?_printf(COMMON[2]), 

    S351$_cp	PTR const unsigned char  size(2) Largest target is 7
		 -> STR_4(CODE[7]), main@enviaApagado(BANK0[5]), main@enviaEncendido(BANK0[5]), 

    _val._str._cp	PTR const unsigned char  size(2) Largest target is 7
		 -> STR_4(CODE[7]), main@enviaApagado(BANK0[5]), main@enviaEncendido(BANK0[5]), 


Critical Paths under _main in COMMON

    _main->_printf
    _printf->___lwdiv

Critical Paths under _isr in COMMON

    None.

Critical Paths under _main in BANK0

    _main->_printf

Critical Paths under _isr in BANK0

    None.

Critical Paths under _main in BANK1

    None.

Critical Paths under _isr in BANK1

    None.

Critical Paths under _main in BANK2

    None.

Critical Paths under _isr in BANK2

    None.

Call Graph Tables:

 ---------------------------------------------------------------------------------
 (Depth) Function   	        Calls       Base Space   Used Autos Params    Refs
 ---------------------------------------------------------------------------------
 (0) _main                                                12    12      0     667
                                              9 BANK0     12    12      0
                _ConfigureOscillator
                    _configura_USART
                            _InitApp
                             _printf
 ---------------------------------------------------------------------------------
 (1) _printf                                              13    12      1     617
                                              9 COMMON     3     2      1
                                              0 BANK0      9     9      0
                              _putch
                            ___lwdiv
 ---------------------------------------------------------------------------------
 (2) ___lwdiv                                              7     3      4     162
                                              2 COMMON     7     3      4
 ---------------------------------------------------------------------------------
 (2) _putch                                                1     1      0      22
                                              2 COMMON     1     1      0
 ---------------------------------------------------------------------------------
 (1) _InitApp                                              0     0      0       0
 ---------------------------------------------------------------------------------
 (1) _configura_USART                                      0     0      0       0
 ---------------------------------------------------------------------------------
 (1) _ConfigureOscillator                                  0     0      0       0
 ---------------------------------------------------------------------------------
 Estimated maximum stack depth 2
 ---------------------------------------------------------------------------------
 (Depth) Function   	        Calls       Base Space   Used Autos Params    Refs
 ---------------------------------------------------------------------------------
 (3) _isr                                                  2     2      0       0
                                              0 COMMON     2     2      0
 ---------------------------------------------------------------------------------
 Estimated maximum stack depth 3
 ---------------------------------------------------------------------------------

 Call Graph Graphs:

 _main (ROOT)
   _ConfigureOscillator
   _configura_USART
   _InitApp
   _printf
     _putch
     ___lwdiv

 _isr (ROOT)

 Address spaces:
Name               Size   Autos  Total    Cost      Usage
SFR3                 0      0       0       4        0.0%
BITSFR3              0      0       0       4        0.0%
BANK2               30      0       0       9        0.0%
BITBANK2            30      0       0       8        0.0%
SFR2                 0      0       0       5        0.0%
BITSFR2              0      0       0       5        0.0%
BANK1               50      0       0       7        0.0%
BITBANK1            50      0       0       6        0.0%
SFR1                 0      0       0       2        0.0%
BITSFR1              0      0       0       2        0.0%
BANK0               50     15      21       3       41.2%
BITBANK0            50      0       0       5        0.0%
SFR0                 0      0       0       1        0.0%
BITSFR0              0      0       0       1        0.0%
COMMON               E      C       C       1       85.7%
BITCOMMON            E      0       0       0        0.0%
CODE                 0      0       0       0        0.0%
DATA                 0      0      2F      10        0.0%
ABS                  0      0      2D       4        0.0%
NULL                 0      0       0       0        0.0%
STACK                0      0       2       2        0.0%
EEDATA              80      0       0       0        0.0%


Microchip Technology PIC Macro Assembler V1.21 build 54009 
Symbol Table                                                                                   Thu Jun  5 23:04:48 2014

                           pc 0002                   __CFG_CP$OFF 0000                            l50 00E8  
                          l46 00F0                            l74 01B5                            fsr 0004  
       _Bandera_boton_pulsado 0040                           l126 0187                           l127 0189  
                         l169 00A2                           l906 0033                           l922 0052  
                         l924 0064                           l852 00E0                           l844 00C8  
                         l942 0083                           l934 006F                           l918 0040  
                         l944 0086                           l952 009E                           l970 0155  
                         l954 0025                           l982 016C                           _RB1 0031  
                         u325 007C                           u417 00D3                  __CFG_CPD$OFF 0000  
                         u395 015E                           _isr 018D                           fsr0 0004  
                         indf 0000                  __CFG_LVP$OFF 0000              ?_configura_USART 0070  
                        ?_isr 0070                          STR_1 0142                          STR_2 0142  
                        STR_3 0118                          STR_4 013B                          STR_5 012A  
                        i1l12 0196                          i1l16 01A0                          _TRMT 04C1  
                        _TXIF 0064                          _main 00A3                          btemp 007E  
               __CFG_BOREN$ON 0000                          start 000A                 __CFG_MCLRE$ON 0000  
             __end_of_InitApp 018D                         ??_isr 0070                         ?_main 0070  
               __CFG_WDTE$OFF 0000                         _CMCON 001F               __end_of___lwdiv 0171  
                       _SPBRG 0099                         _PORTA 0005                         _PORTB 0006  
                       _TRISA 0085                         _TRISB 0086                         _TXREG 0019  
         _ConfigureOscillator 01BA                 __CFG_PWRTE$ON 0000                         _datos 003F  
                       _putch 01B4                         pclath 000A                         status 0003  
                       wtemp0 007E          ?_ConfigureOscillator 0070               __initialization 000B  
                __end_of_main 00F2                        ??_main 0029                        ?_putch 0070  
                   ??_InitApp 0072         ??_ConfigureOscillator 0072                     ??___lwdiv 0076  
                      _printf 0022                        saved_w 007E       __end_of__initialization 0020  
              __pcstackCOMMON 0070                  __pidataBANK0 0000                 __end_of_putch 01BA  
              _OPTION_REGbits 0081                       ??_putch 0072                    __pbssBANK0 0040  
                  __pmaintext 00A3                    __pintentry 0004                       ?_printf 0079  
                  __stringtab 0100                       _InitApp 0171      __size_of_configura_USART 000D  
            main@enviaApagado 0030                       ___lwdiv 0147                       __ptext1 0022  
                     __ptext2 0147                       __ptext3 01B4                       __ptext4 0171  
                     __ptext5 01A7                       __ptext6 01BA                       __ptext7 018D  
             __size_of_printf 0081             __end_of_hexpowers 0118                  __size_of_isr 001A  
        end_of_initialization 0020                     _RCSTAbits 0018                       printf@c 0028  
                     printf@f 0021                     _PORTBbits 0006   __end_of_ConfigureOscillator 01BB  
                   _TXSTAbits 0098             ??_configura_USART 0072                __end_of_printf 00A3  
         start_initialization 000B                   __end_of_isr 01A7                   __pdataBANK0 0035  
                    ??_printf 007A                 __pcstackBANK0 0020           __end_of__stringdata 0147  
          main@enviaEncendido 002B                      ?_InitApp 0070              ___lwdiv@dividend 0074  
                    ?___lwdiv 0072                     __pstrings 0100                     _hexpowers 0110  
            ___lwdiv@quotient 0076                __size_of_putch 0006             interrupt_function 0004  
                 __stringbase 010F                   __stringdata 0118                    printf@_val 0024  
                  printf@prec 0022               _configura_USART 01A7              __size_of_InitApp 001C  
            __size_of___lwdiv 002A            __end_of__stringtab 0110               ___lwdiv@divisor 0072  
             ___lwdiv@counter 0078                 __size_of_main 004F  __size_of_ConfigureOscillator 0001  
                    main@F801 003A                      main@F799 0035                     printf@idx 0020  
                   putch@data 0072                    _INTCONbits 000B       __end_of_configura_USART 01B4  
                    intlevel1 0000                     stringcode 010A                      printf@ap 0023  
                    stringdir 010A                      stringtab 0100            __CFG_FOSC$INTOSCIO 0000  
