

Microchip Technology PIC PRO Macro Assembler V1.31 build 56723 
                                                                                               Mon Jun 16 23:41:05 2014

Microchip Technology Omniscient Code Generator (PRO mode) build 56723
     1                           	processor	16F628A
     2                           	opt	pw 120
     3                           	opt	pm
     4                           	psect	idataBANK0,global,class=CODE,delta=2
     5                           	psect	strings,global,class=STRING,delta=2
     6                           	psect	cinit,global,class=CODE,merge=1,delta=2
     7                           	psect	bssBANK0,global,class=BANK0,space=1,delta=1
     8                           	psect	dataBANK0,global,class=BANK0,space=1,delta=1
     9                           	psect	cstackCOMMON,global,class=COMMON,space=1,delta=1
    10                           	psect	cstackBANK0,global,class=BANK0,space=1,delta=1
    11                           	psect	maintext,global,class=CODE,split=1,delta=2
    12                           	psect	text1,local,class=CODE,merge=1,delta=2
    13                           	psect	text2,local,class=CODE,merge=1,delta=2
    14                           	psect	text3,local,class=CODE,merge=1,delta=2
    15                           	psect	text4,local,class=CODE,merge=1,delta=2
    16                           	psect	text5,local,class=CODE,merge=1,delta=2
    17                           	psect	text6,local,class=CODE,merge=1,delta=2
    18                           	psect	text7,local,class=CODE,merge=1,delta=2
    19                           	psect	intentry,global,class=CODE,delta=2
    20                           	psect	pa_nodes,global,class=CODE,delta=2
    21                           	dabs	1,0x7E,2
    22  0000                     	;# 
    23  0001                     	;# 
    24  0002                     	;# 
    25  0003                     	;# 
    26  0004                     	;# 
    27  0005                     	;# 
    28  0006                     	;# 
    29  000A                     	;# 
    30  000B                     	;# 
    31  000C                     	;# 
    32  000E                     	;# 
    33  000E                     	;# 
    34  000F                     	;# 
    35  0010                     	;# 
    36  0011                     	;# 
    37  0012                     	;# 
    38  0015                     	;# 
    39  0015                     	;# 
    40  0016                     	;# 
    41  0017                     	;# 
    42  0018                     	;# 
    43  0019                     	;# 
    44  001A                     	;# 
    45  001F                     	;# 
    46  0081                     	;# 
    47  0085                     	;# 
    48  0086                     	;# 
    49  008C                     	;# 
    50  008E                     	;# 
    51  0092                     	;# 
    52  0098                     	;# 
    53  0099                     	;# 
    54  009A                     	;# 
    55  009B                     	;# 
    56  009C                     	;# 
    57  009D                     	;# 
    58  009F                     	;# 
    59  0000                     	;# 
    60  0001                     	;# 
    61  0002                     	;# 
    62  0003                     	;# 
    63  0004                     	;# 
    64  0005                     	;# 
    65  0006                     	;# 
    66  000A                     	;# 
    67  000B                     	;# 
    68  000C                     	;# 
    69  000E                     	;# 
    70  000E                     	;# 
    71  000F                     	;# 
    72  0010                     	;# 
    73  0011                     	;# 
    74  0012                     	;# 
    75  0015                     	;# 
    76  0015                     	;# 
    77  0016                     	;# 
    78  0017                     	;# 
    79  0018                     	;# 
    80  0019                     	;# 
    81  001A                     	;# 
    82  001F                     	;# 
    83  0081                     	;# 
    84  0085                     	;# 
    85  0086                     	;# 
    86  008C                     	;# 
    87  008E                     	;# 
    88  0092                     	;# 
    89  0098                     	;# 
    90  0099                     	;# 
    91  009A                     	;# 
    92  009B                     	;# 
    93  009C                     	;# 
    94  009D                     	;# 
    95  009F                     	;# 
    96  0000                     	;# 
    97  0001                     	;# 
    98  0002                     	;# 
    99  0003                     	;# 
   100  0004                     	;# 
   101  0005                     	;# 
   102  0006                     	;# 
   103  000A                     	;# 
   104  000B                     	;# 
   105  000C                     	;# 
   106  000E                     	;# 
   107  000E                     	;# 
   108  000F                     	;# 
   109  0010                     	;# 
   110  0011                     	;# 
   111  0012                     	;# 
   112  0015                     	;# 
   113  0015                     	;# 
   114  0016                     	;# 
   115  0017                     	;# 
   116  0018                     	;# 
   117  0019                     	;# 
   118  001A                     	;# 
   119  001F                     	;# 
   120  0081                     	;# 
   121  0085                     	;# 
   122  0086                     	;# 
   123  008C                     	;# 
   124  008E                     	;# 
   125  0092                     	;# 
   126  0098                     	;# 
   127  0099                     	;# 
   128  009A                     	;# 
   129  009B                     	;# 
   130  009C                     	;# 
   131  009D                     	;# 
   132  009F                     	;# 
   133  0000                     	;# 
   134  0001                     	;# 
   135  0002                     	;# 
   136  0003                     	;# 
   137  0004                     	;# 
   138  0005                     	;# 
   139  0006                     	;# 
   140  000A                     	;# 
   141  000B                     	;# 
   142  000C                     	;# 
   143  000E                     	;# 
   144  000E                     	;# 
   145  000F                     	;# 
   146  0010                     	;# 
   147  0011                     	;# 
   148  0012                     	;# 
   149  0015                     	;# 
   150  0015                     	;# 
   151  0016                     	;# 
   152  0017                     	;# 
   153  0018                     	;# 
   154  0019                     	;# 
   155  001A                     	;# 
   156  001F                     	;# 
   157  0081                     	;# 
   158  0085                     	;# 
   159  0086                     	;# 
   160  008C                     	;# 
   161  008E                     	;# 
   162  0092                     	;# 
   163  0098                     	;# 
   164  0099                     	;# 
   165  009A                     	;# 
   166  009B                     	;# 
   167  009C                     	;# 
   168  009D                     	;# 
   169  009F                     	;# 
   170  0000                     	;# 
   171  0001                     	;# 
   172  0002                     	;# 
   173  0003                     	;# 
   174  0004                     	;# 
   175  0005                     	;# 
   176  0006                     	;# 
   177  000A                     	;# 
   178  000B                     	;# 
   179  000C                     	;# 
   180  000E                     	;# 
   181  000E                     	;# 
   182  000F                     	;# 
   183  0010                     	;# 
   184  0011                     	;# 
   185  0012                     	;# 
   186  0015                     	;# 
   187  0015                     	;# 
   188  0016                     	;# 
   189  0017                     	;# 
   190  0018                     	;# 
   191  0019                     	;# 
   192  001A                     	;# 
   193  001F                     	;# 
   194  0081                     	;# 
   195  0085                     	;# 
   196  0086                     	;# 
   197  008C                     	;# 
   198  008E                     	;# 
   199  0092                     	;# 
   200  0098                     	;# 
   201  0099                     	;# 
   202  009A                     	;# 
   203  009B                     	;# 
   204  009C                     	;# 
   205  009D                     	;# 
   206  009F                     	;# 
   207  0000                     	;# 
   208  0001                     	;# 
   209  0002                     	;# 
   210  0003                     	;# 
   211  0004                     	;# 
   212  0005                     	;# 
   213  0006                     	;# 
   214  000A                     	;# 
   215  000B                     	;# 
   216  000C                     	;# 
   217  000E                     	;# 
   218  000E                     	;# 
   219  000F                     	;# 
   220  0010                     	;# 
   221  0011                     	;# 
   222  0012                     	;# 
   223  0015                     	;# 
   224  0015                     	;# 
   225  0016                     	;# 
   226  0017                     	;# 
   227  0018                     	;# 
   228  0019                     	;# 
   229  001A                     	;# 
   230  001F                     	;# 
   231  0081                     	;# 
   232  0085                     	;# 
   233  0086                     	;# 
   234  008C                     	;# 
   235  008E                     	;# 
   236  0092                     	;# 
   237  0098                     	;# 
   238  0099                     	;# 
   239  009A                     	;# 
   240  009B                     	;# 
   241  009C                     	;# 
   242  009D                     	;# 
   243  009F                     	;# 
   244  0000                     	;# 
   245  0001                     	;# 
   246  0002                     	;# 
   247  0003                     	;# 
   248  0004                     	;# 
   249  0005                     	;# 
   250  0006                     	;# 
   251  000A                     	;# 
   252  000B                     	;# 
   253  000C                     	;# 
   254  000E                     	;# 
   255  000E                     	;# 
   256  000F                     	;# 
   257  0010                     	;# 
   258  0011                     	;# 
   259  0012                     	;# 
   260  0015                     	;# 
   261  0015                     	;# 
   262  0016                     	;# 
   263  0017                     	;# 
   264  0018                     	;# 
   265  0019                     	;# 
   266  001A                     	;# 
   267  001F                     	;# 
   268  0081                     	;# 
   269  0085                     	;# 
   270  0086                     	;# 
   271  008C                     	;# 
   272  008E                     	;# 
   273  0092                     	;# 
   274  0098                     	;# 
   275  0099                     	;# 
   276  009A                     	;# 
   277  009B                     	;# 
   278  009C                     	;# 
   279  009D                     	;# 
   280  009F                     	;# 
   281                           
   282                           	psect	idataBANK0
   283  0000                     __pidataBANK0:	
   284                           
   285                           	psect	strings
   286  0100                     __pstrings:	
   287  0100                     stringtab:	
   288  0100                     __stringtab:	
   289                           
   290                           ;	String table - string pointers are 1 byte each
   291  0100  1BFF               	btfsc	btemp+1,7
   292  0101  290A               	ljmp	stringcode
   293  0102  1383               	bcf	3,7
   294  0103  187F               	btfsc	btemp+1,0
   295  0104  1783               	bsf	3,7
   296  0105  0800               	movf	0,w
   297  0106  0A84               	incf	4,f
   298  0107  1903               	skipnz
   299  0108  0AFF               	incf	btemp+1,f
   300  0109  0008               	return
   301  010A                     stringcode:	
   302  010A                     stringdir:	
   303  010A  3001               	movlw	high stringdir
   304  010B  008A               	movwf	10
   305  010C  0804               	movf	4,w
   306  010D  0A84               	incf	4,f
   307  010E  0782               	addwf	2,f
   308  010F                     __stringbase:	
   309  010F  3400               	retlw	0
   310  0110                     __end_of__stringtab:	
   311  0110                     _hexpowers:	
   312  0110  3401               	retlw	1
   313  0111  3400               	retlw	0
   314  0112  3410               	retlw	16
   315  0113  3400               	retlw	0
   316  0114  3400               	retlw	0
   317  0115  3401               	retlw	1
   318  0116  3400               	retlw	0
   319  0117  3410               	retlw	16
   320  0118                     __end_of_hexpowers:	
   321  001F                     _CMCON	set	31
   322  000B                     _INTCONbits	set	11
   323  0005                     _PORTA	set	5
   324  0006                     _PORTB	set	6
   325  0006                     _PORTBbits	set	6
   326  0018                     _RCSTAbits	set	24
   327  0019                     _TXREG	set	25
   328  0031                     _RB1	set	49
   329  0032                     _RB2	set	50
   330  0064                     _TXIF	set	100
   331  0081                     _OPTION_REGbits	set	129
   332  0099                     _SPBRG	set	153
   333  0085                     _TRISA	set	133
   334  0086                     _TRISB	set	134
   335  0098                     _TXSTAbits	set	152
   336  04C1                     _TRMT	set	1217
   337  0118                     __stringdata:	
   338  0118                     STR_3:	
   339  0118  3425               	retlw	37	;'%'
   340  0119  3473               	retlw	115	;'s'
   341  011A  3420               	retlw	32	;' '
   342  011B  3465               	retlw	101	;'e'
   343  011C  346C               	retlw	108	;'l'
   344  011D  3420               	retlw	32	;' '
   345  011E  3463               	retlw	99	;'c'
   346  011F  3472               	retlw	114	;'r'
   347  0120  3463               	retlw	99	;'c'
   348  0121  3420               	retlw	32	;' '
   349  0122  3465               	retlw	101	;'e'
   350  0123  3473               	retlw	115	;'s'
   351  0124  343A               	retlw	58	;':'
   352  0125  3425               	retlw	37	;'%'
   353  0126  3458               	retlw	88	;'X'
   354  0127  340A               	retlw	10
   355  0128  340D               	retlw	13
   356  0129  3400               	retlw	0
   357  012A                     STR_5:	
   358  012A  3430               	retlw	48	;'0'
   359  012B  3431               	retlw	49	;'1'
   360  012C  3432               	retlw	50	;'2'
   361  012D  3433               	retlw	51	;'3'
   362  012E  3434               	retlw	52	;'4'
   363  012F  3435               	retlw	53	;'5'
   364  0130  3436               	retlw	54	;'6'
   365  0131  3437               	retlw	55	;'7'
   366  0132  3438               	retlw	56	;'8'
   367  0133  3439               	retlw	57	;'9'
   368  0134  3441               	retlw	65	;'A'
   369  0135  3442               	retlw	66	;'B'
   370  0136  3443               	retlw	67	;'C'
   371  0137  3444               	retlw	68	;'D'
   372  0138  3445               	retlw	69	;'E'
   373  0139  3446               	retlw	70	;'F'
   374  013A  3400               	retlw	0
   375  013B                     STR_4:	
   376  013B  3428               	retlw	40	;'('
   377  013C  346E               	retlw	110	;'n'
   378  013D  3475               	retlw	117	;'u'
   379  013E  346C               	retlw	108	;'l'
   380  013F  346C               	retlw	108	;'l'
   381  0140  3429               	retlw	41	;')'
   382  0141  3400               	retlw	0
   383  0142                     STR_1:	
   384  0142  340A               	retlw	10
   385  0143  3425               	retlw	37	;'%'
   386  0144  3473               	retlw	115	;'s'
   387  0145  340D               	retlw	13
   388  0146  3400               	retlw	0
   389  0147                     __end_of__stringdata:	
   390                           
   391                           ; #config settings
   392  0000                     
   393                           	psect	cinit
   394  000B                     start_initialization:	
   395  000B                     __initialization:	
   396  000B  3031               	movlw	49
   397                           
   398                           ; Clear objects allocated to BANK0
   399  000C  01C0               	clrf	__pbssBANK0& (0+127)
   400                           
   401                           ;initializer for main@F803
   402  000D  00B5               	movwf	__pdataBANK0& (0+127)
   403  000E  3059               	movlw	89
   404  000F  00B6               	movwf	(__pdataBANK0+1)& (0+127)
   405  0010  30D5               	movlw	213
   406  0011  00B7               	movwf	(__pdataBANK0+2)& (0+127)
   407  0012  30AA               	movlw	170
   408  0013  00B8               	movwf	(__pdataBANK0+3)& (0+127)
   409  0014  3031               	movlw	49
   410  0015  01B9               	clrf	(__pdataBANK0+4)& (0+127)
   411                           
   412                           ;initializer for main@F805
   413  0016  00BA               	movwf	(__pdataBANK0+5)& (0+127)
   414  0017  304E               	movlw	78
   415  0018  00BB               	movwf	(__pdataBANK0+6)& (0+127)
   416  0019  3095               	movlw	149
   417  001A  00BC               	movwf	(__pdataBANK0+7)& (0+127)
   418  001B  30A4               	movlw	164
   419  001C  00BD               	movwf	(__pdataBANK0+8)& (0+127)
   420  001D  304E               	movlw	78
   421  001E  01BE               	clrf	(__pdataBANK0+9)& (0+127)
   422                           
   423                           ;initializer for _datos
   424  001F  00BF               	movwf	(__pdataBANK0+10)& (0+127)
   425  0020                     end_of_initialization:	
   426                           ;End of C runtime variable initialization code
   427                           
   428  0020                     __end_of__initialization:	
   429  0020  0183               	clrf	3
   430  0021  28A3               	ljmp	_main	;jump to C main() function
   431                           
   432                           	psect	bssBANK0
   433  0040                     __pbssBANK0:	
   434  0040                     _Bandera_boton_pulsado:	
   435  0040                     	ds	1
   436                           
   437                           	psect	dataBANK0
   438  0035                     __pdataBANK0:	
   439  0035                     main@F803:	
   440  0035                     	ds	5
   441  003A                     main@F805:	
   442  003A                     	ds	5
   443  003F                     _datos:	
   444  003F                     	ds	1
   445                           
   446                           	psect	cstackCOMMON
   447  0070                     __pcstackCOMMON:	
   448  0070                     ?_ConfigureOscillator:	
   449  0070                     ?_configura_USART:	
   450                           ; 0 bytes @ 0x0
   451                           
   452  0070                     ?_InitApp:	
   453                           ; 0 bytes @ 0x0
   454                           
   455  0070                     ?_isr:	
   456                           ; 0 bytes @ 0x0
   457                           
   458  0070                     ??_isr:	
   459                           ; 0 bytes @ 0x0
   460                           
   461  0070                     ?_main:	
   462                           ; 0 bytes @ 0x0
   463                           
   464  0070                     ?_putch:	
   465                           ; 0 bytes @ 0x0
   466                           
   467                           
   468                           ; 0 bytes @ 0x0
   469  0070                     	ds	2
   470  0072                     ??_ConfigureOscillator:	
   471  0072                     ??_configura_USART:	
   472                           ; 0 bytes @ 0x2
   473                           
   474  0072                     ??_InitApp:	
   475                           ; 0 bytes @ 0x2
   476                           
   477  0072                     ??_putch:	
   478                           ; 0 bytes @ 0x2
   479                           
   480  0072                     ?___lwdiv:	
   481                           ; 0 bytes @ 0x2
   482                           
   483  0072                     putch@data:	
   484                           ; 2 bytes @ 0x2
   485                           
   486  0072                     ___lwdiv@divisor:	
   487                           ; 1 bytes @ 0x2
   488                           
   489                           
   490                           ; 2 bytes @ 0x2
   491  0072                     	ds	2
   492  0074                     ___lwdiv@dividend:	
   493                           
   494                           ; 2 bytes @ 0x4
   495  0074                     	ds	2
   496  0076                     ??___lwdiv:	
   497  0076                     ___lwdiv@quotient:	
   498                           ; 0 bytes @ 0x6
   499                           
   500                           
   501                           ; 2 bytes @ 0x6
   502  0076                     	ds	2
   503  0078                     ___lwdiv@counter:	
   504                           
   505                           ; 1 bytes @ 0x8
   506  0078                     	ds	1
   507  0079                     ?_printf:	
   508                           
   509                           ; 2 bytes @ 0x9
   510  0079                     	ds	1
   511  007A                     ??_printf:	
   512                           
   513                           ; 0 bytes @ 0xA
   514  007A                     	ds	2
   515                           
   516                           	psect	cstackBANK0
   517  0020                     __pcstackBANK0:	
   518  0020                     printf@idx:	
   519                           
   520                           ; 1 bytes @ 0x0
   521  0020                     	ds	1
   522  0021                     printf@prec:	
   523                           
   524                           ; 1 bytes @ 0x1
   525  0021                     	ds	1
   526  0022                     printf@ap:	
   527                           
   528                           ; 1 bytes @ 0x2
   529  0022                     	ds	1
   530  0023                     printf@f:	
   531                           
   532                           ; 1 bytes @ 0x3
   533  0023                     	ds	1
   534  0024                     printf@_val:	
   535                           
   536                           ; 4 bytes @ 0x4
   537  0024                     	ds	4
   538  0028                     printf@c:	
   539                           
   540                           ; 1 bytes @ 0x8
   541  0028                     	ds	1
   542  0029                     ??_main:	
   543                           
   544                           ; 0 bytes @ 0x9
   545  0029                     	ds	2
   546  002B                     main@enviaEncendido:	
   547                           
   548                           ; 5 bytes @ 0xB
   549  002B                     	ds	5
   550  0030                     main@enviaApagado:	
   551                           
   552                           ; 5 bytes @ 0x10
   553  0030                     	ds	5
   554                           
   555                           	psect	maintext
   556  00A3                     __pmaintext:	
   557 ;;
   558 ;;Main: autosize = 0, tempsize = 2, incstack = 0, save=0
   559 ;;
   560 ;; *************** function _main *****************
   561 ;; Defined at:
   562 ;;		line 60 in file "main_maestro.c"
   563 ;; Parameters:    Size  Location     Type
   564 ;;		None
   565 ;; Auto vars:     Size  Location     Type
   566 ;;  enviaApagado    5   16[BANK0 ] unsigned char [5]
   567 ;;  enviaEncendi    5   11[BANK0 ] unsigned char [5]
   568 ;; Return value:  Size  Location     Type
   569 ;;		None               void
   570 ;; Registers used:
   571 ;;		wreg, fsr0l, fsr0h, status,2, status,0, btemp+1, pclath, cstack
   572 ;; Tracked objects:
   573 ;;		On entry : 17F/0
   574 ;;		On exit  : 0/0
   575 ;;		Unchanged: 0/0
   576 ;; Data sizes:     COMMON   BANK0   BANK1   BANK2
   577 ;;      Params:         0       0       0       0
   578 ;;      Locals:         0      10       0       0
   579 ;;      Temps:          0       2       0       0
   580 ;;      Totals:         0      12       0       0
   581 ;;Total ram usage:       12 bytes
   582 ;; Hardware stack levels required when called:    3
   583 ;; This function calls:
   584 ;;		_ConfigureOscillator
   585 ;;		_InitApp
   586 ;;		_configura_USART
   587 ;;		_printf
   588 ;; This function is called by:
   589 ;;		Startup code after reset
   590 ;; This function uses a non-reentrant model
   591 ;;
   592                           
   593                           
   594                           ;psect for function _main
   595  00A3                     _main:	
   596                           
   597                           ;main_maestro.c: 67: ConfigureOscillator();
   598                           
   599                           ;incstack = 0
   600                           ; Regs used in _main: [wreg-fsr0h+status,2+status,0+btemp+1+pclath+cstack]
   601  00A3  21BA               	fcall	_ConfigureOscillator
   602                           
   603                           ;main_maestro.c: 70: configura_USART();
   604  00A4  21A7               	fcall	_configura_USART
   605                           
   606                           ;main_maestro.c: 71: InitApp();
   607  00A5  2171               	fcall	_InitApp
   608                           
   609                           ;main_maestro.c: 72: char enviaEncendido[5]={'1','Y',0xD5, 0xAA};
   610  00A6  302B               	movlw	main@enviaEncendido& (0+255)
   611  00A7  0084               	movwf	4
   612  00A8  1283               	bcf	3,5	;RP0=0, select bank0
   613  00A9  0835               	movf	main@F803,w
   614  00AA  0080               	movwf	0
   615  00AB  0A84               	incf	4,f
   616  00AC  0836               	movf	main@F803+1,w
   617  00AD  0080               	movwf	0
   618  00AE  0A84               	incf	4,f
   619  00AF  0837               	movf	main@F803+2,w
   620  00B0  0080               	movwf	0
   621  00B1  0A84               	incf	4,f
   622  00B2  0838               	movf	main@F803+3,w
   623  00B3  0080               	movwf	0
   624  00B4  0A84               	incf	4,f
   625  00B5  0839               	movf	main@F803+4,w
   626  00B6  0080               	movwf	0
   627                           
   628                           ;main_maestro.c: 73: char enviaApagado[5]={'1','N',0x95,0xA4};
   629  00B7  3030               	movlw	main@enviaApagado& (0+255)
   630  00B8  0084               	movwf	4
   631  00B9  083A               	movf	main@F805,w
   632  00BA  0080               	movwf	0
   633  00BB  0A84               	incf	4,f
   634  00BC  083B               	movf	main@F805+1,w
   635  00BD  0080               	movwf	0
   636  00BE  0A84               	incf	4,f
   637  00BF  083C               	movf	main@F805+2,w
   638  00C0  0080               	movwf	0
   639  00C1  0A84               	incf	4,f
   640  00C2  083D               	movf	main@F805+3,w
   641  00C3  0080               	movwf	0
   642  00C4  0A84               	incf	4,f
   643  00C5  083E               	movf	main@F805+4,w
   644  00C6  0080               	movwf	0
   645                           
   646                           ;main_maestro.c: 80: RB2=0;
   647  00C7  1106               	bcf	6,2	;volatile
   648                           
   649                           ;main_maestro.c: 81: RB1=0;
   650  00C8  1086               	bcf	6,1	;volatile
   651  00C9                     l984:	
   652                           
   653                           ;main_maestro.c: 83: {
   654                           ;main_maestro.c: 85: if (Bandera_boton_pulsado){
   655  00C9  1283               	bcf	3,5	;RP0=0, select bank0
   656  00CA  1303               	bcf	3,6	;RP1=0, select bank0
   657  00CB  0840               	movf	_Bandera_boton_pulsado,w
   658  00CC  1903               	btfsc	3,2
   659  00CD  28F2               	goto	l1002
   660                           
   661                           ;main_maestro.c: 87: INTCONbits.INTE=0;
   662  00CE  120B               	bcf	11,4	;volatile
   663                           
   664                           ;main_maestro.c: 90: RCSTAbits.SPEN=1;
   665  00CF  1798               	bsf	24,7	;volatile
   666                           
   667                           ;main_maestro.c: 91: PORTBbits.RB3=1;
   668  00D0  1586               	bsf	6,3	;volatile
   669                           
   670                           ;main_maestro.c: 93: _delay((unsigned long)((2)*(20000000UL/4000.0)));
   671  00D1  300D               	movlw	13
   672  00D2  00AA               	movwf	??_main+1
   673  00D3  30FB               	movlw	251
   674  00D4  00A9               	movwf	??_main
   675  00D5                     u417:	
   676  00D5  0BA9               	decfsz	??_main,f
   677  00D6  28D5               	goto	u417
   678  00D7  0BAA               	decfsz	??_main+1,f
   679  00D8  28D5               	goto	u417
   680  00D9  28DA               	nop2
   681                           
   682                           ;main_maestro.c: 96: if (datos=='Y'){
   683  00DA  1283               	bcf	3,5	;RP0=0, select bank0
   684  00DB  1303               	bcf	3,6	;RP1=0, select bank0
   685  00DC  083F               	movf	_datos,w
   686  00DD  3A59               	xorlw	89
   687  00DE  1D03               	skipz
   688  00DF  28E2               	goto	l992
   689                           
   690                           ;main_maestro.c: 97: printf("\n%s\r", enviaEncendido);
   691  00E0  302B               	movlw	main@enviaEncendido& (0+255)
   692  00E1  28E7               	goto	L1
   693  00E2                     l992:	
   694                           ;main_maestro.c: 98: }else if(datos=='N'){
   695                           
   696  00E2  083F               	movf	_datos,w
   697  00E3  3A4E               	xorlw	78
   698  00E4  1D03               	skipz
   699  00E5  28EA               	goto	l54
   700                           
   701                           ;main_maestro.c: 99: printf("\n%s\r", enviaApagado);
   702  00E6  3030               	movlw	main@enviaApagado& (0+255)
   703  00E7                     L1:	
   704  00E7  00F9               	movwf	?_printf
   705  00E8  3033               	movlw	(STR_1-__stringbase)& (0+255)
   706  00E9  2022               	fcall	_printf
   707  00EA                     l54:	
   708  00EA  1683               	bsf	3,5	;RP0=1, select bank1
   709  00EB  1C98               	btfss	24,1	;volatile
   710  00EC  28EA               	goto	l54
   711                           
   712                           ;main_maestro.c: 103: PORTBbits.RB3=0;
   713  00ED  1283               	bcf	3,5	;RP0=0, select bank0
   714  00EE  1186               	bcf	6,3	;volatile
   715                           
   716                           ;main_maestro.c: 104: Bandera_boton_pulsado=0;
   717  00EF  01C0               	clrf	_Bandera_boton_pulsado
   718                           
   719                           ;main_maestro.c: 106: INTCONbits.INTF=0;
   720  00F0  108B               	bcf	11,1	;volatile
   721                           
   722                           ;main_maestro.c: 109: INTCONbits.INTE=1;
   723  00F1  160B               	bsf	11,4	;volatile
   724  00F2                     l1002:	
   725                           
   726                           ;main_maestro.c: 112: }
   727                           ;main_maestro.c: 114: RCSTAbits.SPEN=0;
   728  00F2  1398               	bcf	24,7	;volatile
   729                           
   730                           ;main_maestro.c: 115: PORTBbits.RB2=0;
   731  00F3  1106               	bcf	6,2	;volatile
   732  00F4  0063               	sleep	;# 
   733  00F5  28C9               	goto	l984
   734  00F6                     __end_of_main:	
   735                           
   736                           	psect	text1
   737  0022                     __ptext1:	
   738 ;; *************** function _printf *****************
   739 ;; Defined at:
   740 ;;		line 464 in file "/opt/microchip/xc8/v1.31/sources/common/doprnt.c"
   741 ;; Parameters:    Size  Location     Type
   742 ;;  f               1    wreg     PTR const unsigned char 
   743 ;;		 -> STR_3(18), STR_2(5), STR_1(5), 
   744 ;; Auto vars:     Size  Location     Type
   745 ;;  f               1    3[BANK0 ] PTR const unsigned char 
   746 ;;		 -> STR_3(18), STR_2(5), STR_1(5), 
   747 ;;  idx             1    0[BANK0 ] unsigned char 
   748 ;;  _val            4    4[BANK0 ] struct .
   749 ;;  c               1    8[BANK0 ] char 
   750 ;;  ap              1    2[BANK0 ] PTR void [1]
   751 ;;		 -> ?_printf(2), 
   752 ;;  prec            1    1[BANK0 ] char 
   753 ;;  flag            1    0        unsigned char 
   754 ;; Return value:  Size  Location     Type
   755 ;;                  2    9[COMMON] int 
   756 ;; Registers used:
   757 ;;		wreg, fsr0l, fsr0h, status,2, status,0, btemp+1, pclath, cstack
   758 ;; Tracked objects:
   759 ;;		On entry : 60/0
   760 ;;		On exit  : 60/0
   761 ;;		Unchanged: 0/0
   762 ;; Data sizes:     COMMON   BANK0   BANK1   BANK2
   763 ;;      Params:         1       0       0       0
   764 ;;      Locals:         0       9       0       0
   765 ;;      Temps:          2       0       0       0
   766 ;;      Totals:         3       9       0       0
   767 ;;Total ram usage:       12 bytes
   768 ;; Hardware stack levels used:    1
   769 ;; Hardware stack levels required when called:    2
   770 ;; This function calls:
   771 ;;		___lwdiv
   772 ;;		_putch
   773 ;; This function is called by:
   774 ;;		_main
   775 ;; This function uses a non-reentrant model
   776 ;;
   777                           
   778                           
   779                           ;psect for function _printf
   780  0022                     _printf:	
   781                           
   782                           ;incstack = 0
   783                           ; Regs used in _printf: [wreg-fsr0h+status,2+status,0+btemp+1+pclath+cstack]
   784                           ;printf@f stored from wreg
   785  0022  00A3               	movwf	printf@f
   786                           
   787                           ;doprnt.c: 466: va_list ap;
   788                           ;doprnt.c: 499: signed char c;
   789                           ;doprnt.c: 506: signed char prec;
   790                           ;doprnt.c: 508: unsigned char flag;
   791                           ;doprnt.c: 527: union {
   792                           ;doprnt.c: 528: unsigned int _val;
   793                           ;doprnt.c: 529: struct {
   794                           ;doprnt.c: 530: const char * _cp;
   795                           ;doprnt.c: 531: unsigned _len;
   796                           ;doprnt.c: 532: } _str;
   797                           ;doprnt.c: 533: } _val;
   798                           ;doprnt.c: 542: *ap = __va_start();
   799  0023  3079               	movlw	?_printf& (0+255)
   800  0024  00A2               	movwf	printf@ap
   801  0025                     l952:	
   802                           ;doprnt.c: 545: while(c = *f++) {
   803                           
   804  0025  0823               	movf	printf@f,w
   805  0026  0AA3               	incf	printf@f,f
   806  0027  0084               	movwf	4
   807  0028  210A               	fcall	stringdir
   808  0029  00A8               	movwf	printf@c
   809  002A  08A8               	movf	printf@c,f
   810  002B  1903               	btfsc	3,2
   811  002C  0008               	return
   812                           
   813                           ;doprnt.c: 547: if(c != '%')
   814  002D  3A25               	xorlw	37
   815  002E  1903               	skipnz
   816  002F  2852               	goto	l920
   817                           
   818                           ;doprnt.c: 549: {
   819                           ;doprnt.c: 550: (putch(c) );
   820  0030  0828               	movf	printf@c,w
   821  0031  21B4               	fcall	_putch
   822                           
   823                           ;doprnt.c: 551: continue;
   824  0032  2825               	goto	l952
   825  0033                     l904:	
   826                           
   827                           ;doprnt.c: 743: _val._str._cp = (*(const char * *)__va_arg((*(const char * **)ap), (cons
      +                          t char *)0));
   828  0033  0822               	movf	printf@ap,w
   829  0034  0084               	movwf	4
   830  0035  0800               	movf	0,w
   831  0036  00A4               	movwf	printf@_val
   832  0037  01A5               	clrf	printf@_val+1
   833  0038  0AA2               	incf	printf@ap,f
   834                           
   835                           ;doprnt.c: 749: if(!_val._str._cp)
   836  0039  0425               	iorwf	printf@_val+1,w
   837  003A  1D03               	skipz
   838  003B  2840               	goto	l916
   839                           
   840                           ;doprnt.c: 750: _val._str._cp = "(null)";
   841  003C  302C               	movlw	low (STR_4-__stringbase)
   842  003D  00A4               	movwf	printf@_val
   843  003E  3080               	movlw	128
   844  003F  00A5               	movwf	printf@_val+1
   845  0040                     l916:	
   846  0040  0825               	movf	printf@_val+1,w
   847  0041  00FF               	movwf	127
   848  0042  0824               	movf	printf@_val,w
   849  0043  0084               	movwf	4
   850  0044  2100               	fcall	stringtab
   851  0045  3800               	iorlw	0
   852  0046  1903               	btfsc	3,2
   853  0047  2825               	goto	l952
   854                           
   855                           ;doprnt.c: 787: (putch(*_val._str._cp++) );
   856  0048  0825               	movf	printf@_val+1,w
   857  0049  00FF               	movwf	127
   858  004A  0824               	movf	printf@_val,w
   859  004B  0084               	movwf	4
   860  004C  2100               	fcall	stringtab
   861  004D  21B4               	fcall	_putch
   862  004E  0AA4               	incf	printf@_val,f
   863  004F  1903               	skipnz
   864  0050  0AA5               	incf	printf@_val+1,f
   865  0051  2840               	goto	l916
   866  0052                     l920:	
   867  0052  0823               	movf	printf@f,w
   868  0053  0AA3               	incf	printf@f,f
   869  0054  0084               	movwf	4
   870  0055  210A               	fcall	stringdir
   871  0056  00A8               	movwf	printf@c
   872                           
   873                           ; Switch size 1, requested type "space"
   874                           ; Number of cases is 4, Range of values is 0 to 120
   875                           ; switch strategies available:
   876                           ; Name         Instructions Cycles
   877                           ; simple_byte           13     7 (average)
   878                           ; direct_byte          127     6 (fixed)
   879                           ; jumptable            260     6 (fixed)
   880                           ;	Chosen strategy is simple_byte
   881  0057  3A00               	xorlw	0	; case 0
   882  0058  1903               	skipnz
   883  0059  28A2               	goto	l173
   884  005A  3A58               	xorlw	88	; case 88
   885  005B  1903               	skipnz
   886  005C  2864               	goto	l922
   887  005D  3A2B               	xorlw	43	; case 115
   888  005E  1903               	skipnz
   889  005F  2833               	goto	l904
   890  0060  3A0B               	xorlw	11	; case 120
   891  0061  1903               	skipnz
   892  0062  2864               	goto	l922
   893  0063  2825               	goto	l952
   894  0064                     l922:	
   895                           
   896                           ;doprnt.c: 1282: {
   897                           ;doprnt.c: 1295: _val._val = (*(unsigned *)__va_arg((*(unsigned **)ap), (unsigned)0));
   898  0064  0822               	movf	printf@ap,w
   899  0065  0084               	movwf	4
   900  0066  0800               	movf	0,w
   901  0067  00A4               	movwf	printf@_val
   902  0068  0A84               	incf	4,f
   903  0069  0800               	movf	0,w
   904  006A  00A5               	movwf	printf@_val+1
   905  006B  0AA2               	incf	printf@ap,f
   906  006C  0AA2               	incf	printf@ap,f
   907                           
   908                           ;doprnt.c: 1296: }
   909                           ;doprnt.c: 1325: for(c = 1 ; c != sizeof hexpowers/sizeof hexpowers[0] ; c++)
   910  006D  01A8               	clrf	printf@c
   911  006E  0AA8               	incf	printf@c,f
   912  006F                     l932:	
   913                           
   914                           ;doprnt.c: 1326: if(_val._val < hexpowers[c])
   915  006F  1003               	clrc
   916  0070  0D28               	rlf	printf@c,w
   917  0071  3E01               	addlw	low (_hexpowers-__stringbase)
   918  0072  0084               	movwf	4
   919  0073  210A               	fcall	stringdir
   920  0074  00FA               	movwf	??_printf
   921  0075  210A               	fcall	stringdir
   922  0076  00FB               	movwf	??_printf+1
   923  0077  0225               	subwf	printf@_val+1,w
   924  0078  1D03               	skipz
   925  0079  287C               	goto	u305
   926  007A  087A               	movf	??_printf,w
   927  007B  0224               	subwf	printf@_val,w
   928  007C                     u305:	
   929  007C  1C03               	btfss	3,0
   930  007D  2883               	goto	l940
   931  007E  0AA8               	incf	printf@c,f
   932  007F  0828               	movf	printf@c,w
   933  0080  3A04               	xorlw	4
   934  0081  1D03               	skipz
   935  0082  286F               	goto	l932
   936  0083                     l940:	
   937                           
   938                           ;doprnt.c: 1431: {
   939                           ;doprnt.c: 1478: }
   940                           ;doprnt.c: 1481: prec = c;
   941  0083  0828               	movf	printf@c,w
   942  0084  00A1               	movwf	printf@prec
   943                           
   944                           ;doprnt.c: 1483: while(prec--) {
   945  0085  289E               	goto	l950
   946  0086                     l942:	
   947                           
   948                           ;doprnt.c: 1487: {
   949                           ;doprnt.c: 1508: {
   950                           ;doprnt.c: 1509: unsigned char idx = (_val._val / hexpowers[prec]) & 0xF;
   951  0086  0825               	movf	printf@_val+1,w
   952  0087  00F5               	movwf	___lwdiv@dividend+1
   953  0088  0824               	movf	printf@_val,w
   954  0089  00F4               	movwf	___lwdiv@dividend
   955  008A  1003               	clrc
   956  008B  0D21               	rlf	printf@prec,w
   957  008C  3E01               	addlw	low (_hexpowers-__stringbase)
   958  008D  0084               	movwf	4
   959  008E  210A               	fcall	stringdir
   960  008F  00F2               	movwf	___lwdiv@divisor
   961  0090  210A               	fcall	stringdir
   962  0091  00F3               	movwf	___lwdiv@divisor+1
   963  0092  2147               	fcall	___lwdiv
   964  0093  0872               	movf	?___lwdiv,w
   965  0094  00A0               	movwf	printf@idx
   966  0095  300F               	movlw	15
   967  0096  05A0               	andwf	printf@idx,f
   968                           
   969                           ;doprnt.c: 1513: c = "0123456789ABCDEF"[idx];
   970  0097  0820               	movf	printf@idx,w
   971  0098  3E1B               	addlw	low (STR_5-__stringbase)
   972  0099  0084               	movwf	4
   973  009A  210A               	fcall	stringdir
   974  009B  00A8               	movwf	printf@c
   975                           
   976                           ;doprnt.c: 1517: }
   977                           ;doprnt.c: 1532: }
   978                           ;doprnt.c: 1533: (putch(c) );
   979  009C  0828               	movf	printf@c,w
   980  009D  21B4               	fcall	_putch
   981  009E                     l950:	
   982  009E  03A1               	decf	printf@prec,f
   983  009F  0F21               	incfsz	printf@prec,w
   984  00A0  2886               	goto	l942
   985  00A1  2825               	goto	l952
   986  00A2                     l173:	
   987  00A2  0008               	return
   988  00A3                     __end_of_printf:	
   989                           
   990                           	psect	text2
   991  01B4                     __ptext2:	
   992 ;; *************** function _putch *****************
   993 ;; Defined at:
   994 ;;		line 70 in file "usart1_maestro.c"
   995 ;; Parameters:    Size  Location     Type
   996 ;;  data            1    wreg     unsigned char 
   997 ;; Auto vars:     Size  Location     Type
   998 ;;  data            1    2[COMMON] unsigned char 
   999 ;; Return value:  Size  Location     Type
  1000 ;;		None               void
  1001 ;; Registers used:
  1002 ;;		wreg
  1003 ;; Tracked objects:
  1004 ;;		On entry : 60/0
  1005 ;;		On exit  : 60/0
  1006 ;;		Unchanged: 0/0
  1007 ;; Data sizes:     COMMON   BANK0   BANK1   BANK2
  1008 ;;      Params:         0       0       0       0
  1009 ;;      Locals:         1       0       0       0
  1010 ;;      Temps:          0       0       0       0
  1011 ;;      Totals:         1       0       0       0
  1012 ;;Total ram usage:        1 bytes
  1013 ;; Hardware stack levels used:    1
  1014 ;; Hardware stack levels required when called:    1
  1015 ;; This function calls:
  1016 ;;		Nothing
  1017 ;; This function is called by:
  1018 ;;		_printf
  1019 ;; This function uses a non-reentrant model
  1020 ;;
  1021                           
  1022                           
  1023                           ;psect for function _putch
  1024  01B4                     _putch:	
  1025                           
  1026                           ;incstack = 0
  1027                           ; Regs used in _putch: [wreg]
  1028                           ;putch@data stored from wreg
  1029  01B4  00F2               	movwf	putch@data
  1030  01B5                     l78:	
  1031                           ;usart1_maestro.c: 71: while( ! TXIF)
  1032                           
  1033  01B5  1E0C               	btfss	12,4	;volatile
  1034  01B6  29B5               	goto	l78
  1035                           
  1036                           ;usart1_maestro.c: 73: TXREG = data;
  1037  01B7  0872               	movf	putch@data,w
  1038  01B8  0099               	movwf	25	;volatile
  1039  01B9  0008               	return
  1040  01BA                     __end_of_putch:	
  1041                           
  1042                           	psect	text3
  1043  0147                     __ptext3:	
  1044 ;; *************** function ___lwdiv *****************
  1045 ;; Defined at:
  1046 ;;		line 6 in file "/opt/microchip/xc8/v1.31/sources/common/lwdiv.c"
  1047 ;; Parameters:    Size  Location     Type
  1048 ;;  divisor         2    2[COMMON] unsigned int 
  1049 ;;  dividend        2    4[COMMON] unsigned int 
  1050 ;; Auto vars:     Size  Location     Type
  1051 ;;  quotient        2    6[COMMON] unsigned int 
  1052 ;;  counter         1    8[COMMON] unsigned char 
  1053 ;; Return value:  Size  Location     Type
  1054 ;;                  2    2[COMMON] unsigned int 
  1055 ;; Registers used:
  1056 ;;		wreg, status,2, status,0
  1057 ;; Tracked objects:
  1058 ;;		On entry : 60/0
  1059 ;;		On exit  : 60/0
  1060 ;;		Unchanged: 60/0
  1061 ;; Data sizes:     COMMON   BANK0   BANK1   BANK2
  1062 ;;      Params:         4       0       0       0
  1063 ;;      Locals:         3       0       0       0
  1064 ;;      Temps:          0       0       0       0
  1065 ;;      Totals:         7       0       0       0
  1066 ;;Total ram usage:        7 bytes
  1067 ;; Hardware stack levels used:    1
  1068 ;; Hardware stack levels required when called:    1
  1069 ;; This function calls:
  1070 ;;		Nothing
  1071 ;; This function is called by:
  1072 ;;		_printf
  1073 ;; This function uses a non-reentrant model
  1074 ;;
  1075                           
  1076                           
  1077                           ;psect for function ___lwdiv
  1078  0147                     ___lwdiv:	
  1079                           
  1080                           ;incstack = 0
  1081                           ; Regs used in ___lwdiv: [wreg+status,2+status,0]
  1082  0147  01F6               	clrf	___lwdiv@quotient
  1083  0148  01F7               	clrf	___lwdiv@quotient+1
  1084  0149  0873               	movf	___lwdiv@divisor+1,w
  1085  014A  0472               	iorwf	___lwdiv@divisor,w
  1086  014B  1903               	skipnz
  1087  014C  296C               	goto	l856
  1088  014D  01F8               	clrf	___lwdiv@counter
  1089  014E                     L2:	
  1090  014E  0AF8               	incf	___lwdiv@counter,f
  1091  014F  1BF3               	btfsc	___lwdiv@divisor+1,7
  1092  0150  2955               	goto	l844
  1093  0151  1003               	clrc
  1094  0152  0DF2               	rlf	___lwdiv@divisor,f
  1095  0153  0DF3               	rlf	___lwdiv@divisor+1,f
  1096  0154  294E               	goto	L2
  1097  0155                     l844:	
  1098  0155  1003               	clrc
  1099  0156  0DF6               	rlf	___lwdiv@quotient,f
  1100  0157  0DF7               	rlf	___lwdiv@quotient+1,f
  1101  0158  0873               	movf	___lwdiv@divisor+1,w
  1102  0159  0275               	subwf	___lwdiv@dividend+1,w
  1103  015A  1D03               	skipz
  1104  015B  295E               	goto	u245
  1105  015C  0872               	movf	___lwdiv@divisor,w
  1106  015D  0274               	subwf	___lwdiv@dividend,w
  1107  015E                     u245:	
  1108  015E  1C03               	skipc
  1109  015F  2968               	goto	L3
  1110  0160  0872               	movf	___lwdiv@divisor,w
  1111  0161  02F4               	subwf	___lwdiv@dividend,f
  1112  0162  0873               	movf	___lwdiv@divisor+1,w
  1113  0163  1C03               	skipc
  1114  0164  03F5               	decf	___lwdiv@dividend+1,f
  1115  0165  02F5               	subwf	___lwdiv@dividend+1,f
  1116  0166  1476               	bsf	___lwdiv@quotient,0
  1117  0167  1003               	clrc
  1118  0168                     L3:	
  1119  0168  0CF3               	rrf	___lwdiv@divisor+1,f
  1120  0169  0CF2               	rrf	___lwdiv@divisor,f
  1121  016A  0BF8               	decfsz	___lwdiv@counter,f
  1122  016B  2955               	goto	l844
  1123  016C                     l856:	
  1124  016C  0877               	movf	___lwdiv@quotient+1,w
  1125  016D  00F3               	movwf	?___lwdiv+1
  1126  016E  0876               	movf	___lwdiv@quotient,w
  1127  016F  00F2               	movwf	?___lwdiv
  1128  0170  0008               	return
  1129  0171                     __end_of___lwdiv:	
  1130                           
  1131                           	psect	text4
  1132  01A7                     __ptext4:	
  1133 ;; *************** function _configura_USART *****************
  1134 ;; Defined at:
  1135 ;;		line 14 in file "usart1_maestro.c"
  1136 ;; Parameters:    Size  Location     Type
  1137 ;;		None
  1138 ;; Auto vars:     Size  Location     Type
  1139 ;;		None
  1140 ;; Return value:  Size  Location     Type
  1141 ;;		None               void
  1142 ;; Registers used:
  1143 ;;		wreg
  1144 ;; Tracked objects:
  1145 ;;		On entry : 17F/0
  1146 ;;		On exit  : 17F/0
  1147 ;;		Unchanged: 11F/0
  1148 ;; Data sizes:     COMMON   BANK0   BANK1   BANK2
  1149 ;;      Params:         0       0       0       0
  1150 ;;      Locals:         0       0       0       0
  1151 ;;      Temps:          0       0       0       0
  1152 ;;      Totals:         0       0       0       0
  1153 ;;Total ram usage:        0 bytes
  1154 ;; Hardware stack levels used:    1
  1155 ;; Hardware stack levels required when called:    1
  1156 ;; This function calls:
  1157 ;;		Nothing
  1158 ;; This function is called by:
  1159 ;;		_main
  1160 ;; This function uses a non-reentrant model
  1161 ;;
  1162                           
  1163                           
  1164                           ;psect for function _configura_USART
  1165  01A7                     _configura_USART:	
  1166                           
  1167                           ;usart1_maestro.c: 26: SPBRG= 20000000UL/64/2400-1;
  1168                           
  1169                           ;incstack = 0
  1170                           ; Regs used in _configura_USART: [wreg]
  1171  01A7  3081               	movlw	129
  1172  01A8  1683               	bsf	3,5	;RP0=1, select bank1
  1173  01A9  0099               	movwf	25	;volatile
  1174                           
  1175                           ;usart1_maestro.c: 28: TXSTAbits.CSRC=1;
  1176  01AA  1798               	bsf	24,7	;volatile
  1177                           
  1178                           ;usart1_maestro.c: 33: TXSTAbits.TX9=0;
  1179  01AB  1318               	bcf	24,6	;volatile
  1180                           
  1181                           ;usart1_maestro.c: 37: TXSTAbits.SYNC=0;
  1182  01AC  1218               	bcf	24,4	;volatile
  1183                           
  1184                           ;usart1_maestro.c: 42: TXSTAbits.BRGH=0;
  1185  01AD  1118               	bcf	24,2	;volatile
  1186                           
  1187                           ;usart1_maestro.c: 48: TXSTAbits.TX9D=1;
  1188  01AE  1418               	bsf	24,0	;volatile
  1189                           
  1190                           ;usart1_maestro.c: 52: TXSTAbits.TXEN=1;
  1191  01AF  1698               	bsf	24,5	;volatile
  1192                           
  1193                           ;usart1_maestro.c: 55: RCSTAbits.SPEN=0;
  1194  01B0  1283               	bcf	3,5	;RP0=0, select bank0
  1195  01B1  1398               	bcf	24,7	;volatile
  1196                           
  1197                           ;usart1_maestro.c: 59: RCSTAbits.CREN=0;
  1198  01B2  1218               	bcf	24,4	;volatile
  1199  01B3  0008               	return
  1200  01B4                     __end_of_configura_USART:	
  1201                           
  1202                           	psect	text5
  1203  0171                     __ptext5:	
  1204 ;; *************** function _InitApp *****************
  1205 ;; Defined at:
  1206 ;;		line 22 in file "user_maestro.c"
  1207 ;; Parameters:    Size  Location     Type
  1208 ;;		None
  1209 ;; Auto vars:     Size  Location     Type
  1210 ;;		None
  1211 ;; Return value:  Size  Location     Type
  1212 ;;		None               void
  1213 ;; Registers used:
  1214 ;;		wreg, status,2, status,0
  1215 ;; Tracked objects:
  1216 ;;		On entry : 17F/0
  1217 ;;		On exit  : 17F/20
  1218 ;;		Unchanged: 11F/0
  1219 ;; Data sizes:     COMMON   BANK0   BANK1   BANK2
  1220 ;;      Params:         0       0       0       0
  1221 ;;      Locals:         0       0       0       0
  1222 ;;      Temps:          0       0       0       0
  1223 ;;      Totals:         0       0       0       0
  1224 ;;Total ram usage:        0 bytes
  1225 ;; Hardware stack levels used:    1
  1226 ;; Hardware stack levels required when called:    1
  1227 ;; This function calls:
  1228 ;;		Nothing
  1229 ;; This function is called by:
  1230 ;;		_main
  1231 ;; This function uses a non-reentrant model
  1232 ;;
  1233                           
  1234                           
  1235                           ;psect for function _InitApp
  1236  0171                     _InitApp:	
  1237                           
  1238                           ;user_maestro.c: 26: PORTB=0b00000000;
  1239                           
  1240                           ;incstack = 0
  1241                           ; Regs used in _InitApp: [wreg+status,2+status,0]
  1242  0171  0186               	clrf	6	;volatile
  1243                           
  1244                           ;user_maestro.c: 28: PORTA=0b00000000;
  1245  0172  0185               	clrf	5	;volatile
  1246                           
  1247                           ;user_maestro.c: 33: TRISB=0b00000001;
  1248  0173  3001               	movlw	1
  1249  0174  1683               	bsf	3,5	;RP0=1, select bank1
  1250  0175  0086               	movwf	6	;volatile
  1251                           
  1252                           ;user_maestro.c: 34: CMCON=0x00000111;
  1253  0176  3011               	movlw	17
  1254  0177  1283               	bcf	3,5	;RP0=0, select bank0
  1255  0178  009F               	movwf	31	;volatile
  1256                           
  1257                           ;user_maestro.c: 36: TRISA=0b00000000;
  1258  0179  1683               	bsf	3,5	;RP0=1, select bank1
  1259  017A  0185               	clrf	5	;volatile
  1260                           
  1261                           ;user_maestro.c: 40: OPTION_REGbits.PS=0b000;
  1262  017B  30F8               	movlw	-8
  1263  017C  0581               	andwf	1,f	;volatile
  1264                           
  1265                           ;user_maestro.c: 41: OPTION_REGbits.PSA=0;
  1266  017D  1181               	bcf	1,3	;volatile
  1267                           
  1268                           ;user_maestro.c: 42: OPTION_REGbits.T0CS=0;
  1269  017E  1281               	bcf	1,5	;volatile
  1270                           
  1271                           ;user_maestro.c: 43: OPTION_REGbits.T0SE=0;
  1272  017F  1201               	bcf	1,4	;volatile
  1273                           
  1274                           ;user_maestro.c: 44: OPTION_REGbits.nRBPU=1;
  1275  0180  1781               	bsf	1,7	;volatile
  1276                           
  1277                           ;user_maestro.c: 48: if (PORTBbits.RB0==1){
  1278  0181  1283               	bcf	3,5	;RP0=0, select bank0
  1279  0182  1C06               	btfss	6,0	;volatile
  1280  0183  2987               	goto	l130
  1281                           
  1282                           ;user_maestro.c: 49: OPTION_REGbits.INTEDG=0;
  1283  0184  1683               	bsf	3,5	;RP0=1, select bank1
  1284  0185  1301               	bcf	1,6	;volatile
  1285                           
  1286                           ;user_maestro.c: 50: }else{
  1287  0186  2989               	goto	l131
  1288  0187                     l130:	
  1289                           
  1290                           ;user_maestro.c: 51: OPTION_REGbits.INTEDG=1;
  1291  0187  1683               	bsf	3,5	;RP0=1, select bank1
  1292  0188  1701               	bsf	1,6	;volatile
  1293  0189                     l131:	
  1294                           
  1295                           ;user_maestro.c: 52: }
  1296                           ;user_maestro.c: 59: INTCONbits.INTF=0;
  1297  0189  108B               	bcf	11,1	;volatile
  1298                           
  1299                           ;user_maestro.c: 60: INTCONbits.INTE=1;
  1300  018A  160B               	bsf	11,4	;volatile
  1301                           
  1302                           ;user_maestro.c: 63: INTCONbits.GIE=1;
  1303  018B  178B               	bsf	11,7	;volatile
  1304  018C  0008               	return
  1305  018D                     __end_of_InitApp:	
  1306                           
  1307                           	psect	text6
  1308  01BA                     __ptext6:	
  1309 ;; *************** function _ConfigureOscillator *****************
  1310 ;; Defined at:
  1311 ;;		line 18 in file "system_maestro.c"
  1312 ;; Parameters:    Size  Location     Type
  1313 ;;		None
  1314 ;; Auto vars:     Size  Location     Type
  1315 ;;		None
  1316 ;; Return value:  Size  Location     Type
  1317 ;;		None               void
  1318 ;; Registers used:
  1319 ;;		None
  1320 ;; Tracked objects:
  1321 ;;		On entry : 17F/0
  1322 ;;		On exit  : 17F/0
  1323 ;;		Unchanged: 17F/0
  1324 ;; Data sizes:     COMMON   BANK0   BANK1   BANK2
  1325 ;;      Params:         0       0       0       0
  1326 ;;      Locals:         0       0       0       0
  1327 ;;      Temps:          0       0       0       0
  1328 ;;      Totals:         0       0       0       0
  1329 ;;Total ram usage:        0 bytes
  1330 ;; Hardware stack levels used:    1
  1331 ;; Hardware stack levels required when called:    1
  1332 ;; This function calls:
  1333 ;;		Nothing
  1334 ;; This function is called by:
  1335 ;;		_main
  1336 ;; This function uses a non-reentrant model
  1337 ;;
  1338                           
  1339                           
  1340                           ;psect for function _ConfigureOscillator
  1341  01BA                     _ConfigureOscillator:	
  1342                           
  1343                           ;incstack = 0
  1344                           ; Regs used in _ConfigureOscillator: []
  1345  01BA  0008               	return
  1346  01BB                     __end_of_ConfigureOscillator:	
  1347                           
  1348                           	psect	text7
  1349  018D                     __ptext7:	
  1350 ;; *************** function _isr *****************
  1351 ;; Defined at:
  1352 ;;		line 23 in file "interrupts_maestro.c"
  1353 ;; Parameters:    Size  Location     Type
  1354 ;;		None
  1355 ;; Auto vars:     Size  Location     Type
  1356 ;;		None
  1357 ;; Return value:  Size  Location     Type
  1358 ;;		None               void
  1359 ;; Registers used:
  1360 ;;		wreg, status,2, status,0
  1361 ;; Tracked objects:
  1362 ;;		On entry : 0/0
  1363 ;;		On exit  : 0/0
  1364 ;;		Unchanged: 0/0
  1365 ;; Data sizes:     COMMON   BANK0   BANK1   BANK2
  1366 ;;      Params:         0       0       0       0
  1367 ;;      Locals:         0       0       0       0
  1368 ;;      Temps:          2       0       0       0
  1369 ;;      Totals:         2       0       0       0
  1370 ;;Total ram usage:        2 bytes
  1371 ;; Hardware stack levels used:    1
  1372 ;; This function calls:
  1373 ;;		Nothing
  1374 ;; This function is called by:
  1375 ;;		Interrupt level 1
  1376 ;; This function uses a non-reentrant model
  1377 ;;
  1378                           
  1379                           
  1380                           ;psect for function _isr
  1381  018D                     _isr:	
  1382                           
  1383                           ;interrupts_maestro.c: 26: if(INTCONbits.INTF==1){
  1384  018D  1C8B               	btfss	11,1	;volatile
  1385  018E  29A0               	goto	i1l16
  1386                           
  1387                           ;interrupts_maestro.c: 29: if (OPTION_REGbits.INTEDG==1){
  1388  018F  1683               	bsf	3,5	;RP0=1, select bank1
  1389  0190  1303               	bcf	3,6	;RP1=0, select bank1
  1390  0191  1F01               	btfss	1,6	;volatile
  1391  0192  2996               	goto	i1l12
  1392                           
  1393                           ;interrupts_maestro.c: 30: OPTION_REGbits.INTEDG=0;
  1394  0193  1301               	bcf	1,6	;volatile
  1395                           
  1396                           ;interrupts_maestro.c: 31: datos='Y';
  1397  0194  3059               	movlw	89
  1398  0195  2998               	goto	L4
  1399  0196                     i1l12:	
  1400                           ;interrupts_maestro.c: 32: }else{
  1401                           
  1402                           
  1403                           ;interrupts_maestro.c: 33: OPTION_REGbits.INTEDG=1;
  1404  0196  1701               	bsf	1,6	;volatile
  1405                           
  1406                           ;interrupts_maestro.c: 35: datos='N';
  1407  0197  304E               	movlw	78
  1408  0198                     L4:	
  1409  0198  1283               	bcf	3,5	;RP0=0, select bank0
  1410  0199  00BF               	movwf	_datos
  1411                           
  1412                           ;interrupts_maestro.c: 36: }
  1413                           ;interrupts_maestro.c: 44: INTCONbits.INTF=0;
  1414  019A  108B               	bcf	11,1	;volatile
  1415                           
  1416                           ;interrupts_maestro.c: 48: if (!Bandera_boton_pulsado)INTCONbits.INTE=0;
  1417  019B  08C0               	movf	_Bandera_boton_pulsado,f
  1418  019C  1903               	btfsc	3,2
  1419  019D  120B               	bcf	11,4	;volatile
  1420                           
  1421                           ;interrupts_maestro.c: 50: Bandera_boton_pulsado=1;
  1422  019E  01C0               	clrf	_Bandera_boton_pulsado
  1423  019F  0AC0               	incf	_Bandera_boton_pulsado,f
  1424  01A0                     i1l16:	
  1425                           ;interrupts_maestro.c: 51: }
  1426                           
  1427  01A0  0871               	movf	??_isr+1,w
  1428  01A1  008A               	movwf	10
  1429  01A2  0E70               	swapf	??_isr^(0+-128),w
  1430  01A3  0083               	movwf	3
  1431  01A4  0EFE               	swapf	126,f
  1432  01A5  0E7E               	swapf	126,w
  1433  01A6  0009               	retfie
  1434  01A7                     __end_of_isr:	
  1435  007E                     btemp	set	126	;btemp
  1436  007E                     wtemp	set	126
  1437  007E                     wtemp0	set	126
  1438  0080                     wtemp1	set	128
  1439  0082                     wtemp2	set	130
  1440  0084                     wtemp3	set	132
  1441  0086                     wtemp4	set	134
  1442  0088                     wtemp5	set	136
  1443  007F                     wtemp6	set	127
  1444  007E                     ttemp	set	126
  1445  007E                     ttemp0	set	126
  1446  0081                     ttemp1	set	129
  1447  0084                     ttemp2	set	132
  1448  0087                     ttemp3	set	135
  1449  007F                     ttemp4	set	127
  1450  007E                     ltemp	set	126
  1451  007E                     ltemp0	set	126
  1452  0082                     ltemp1	set	130
  1453  0086                     ltemp2	set	134
  1454  0080                     ltemp3	set	128
  1455                           
  1456                           	psect	intentry
  1457  0004                     __pintentry:	
  1458                           ;incstack = 0
  1459                           ; Regs used in _isr: [wreg+status,2+status,0]
  1460                           
  1461  0004                     interrupt_function:	
  1462  007E                     saved_w	set	btemp
  1463  0004  00FE               	movwf	btemp
  1464  0005  0E03               	swapf	3,w
  1465  0006  00F0               	movwf	??_isr
  1466  0007  080A               	movf	10,w
  1467  0008  00F1               	movwf	??_isr+1
  1468  0009  298D               	ljmp	_isr


Data Sizes:
    Strings     47
    Constant    8
    Data        11
    BSS         1
    Persistent  0
    Stack       0

Auto Spaces:
    Space          Size  Autos    Used
    COMMON           14     12      12
    BANK0            80     21      33
    BANK1            80      0       0
    BANK2            48      0       0

Pointer List with Targets:

    printf@f	PTR const unsigned char  size(1) Largest target is 18
		 -> STR_3(CODE[18]), STR_2(CODE[5]), STR_1(CODE[5]), 

    printf@_val._cp	PTR const unsigned char  size(2) Largest target is 7
		 -> STR_4(CODE[7]), main@enviaApagado(BANK0[5]), main@enviaEncendido(BANK0[5]), 

    printf@ap	PTR void [1] size(1) Largest target is 2
		 -> ?_printf(COMMON[2]), 

    S369$_cp	PTR const unsigned char  size(2) Largest target is 7
		 -> STR_4(CODE[7]), main@enviaApagado(BANK0[5]), main@enviaEncendido(BANK0[5]), 

    _val._str._cp	PTR const unsigned char  size(2) Largest target is 7
		 -> STR_4(CODE[7]), main@enviaApagado(BANK0[5]), main@enviaEncendido(BANK0[5]), 


Critical Paths under _main in COMMON

    _main->_printf
    _printf->___lwdiv

Critical Paths under _isr in COMMON

    None.

Critical Paths under _main in BANK0

    _main->_printf

Critical Paths under _isr in BANK0

    None.

Critical Paths under _main in BANK1

    None.

Critical Paths under _isr in BANK1

    None.

Critical Paths under _main in BANK2

    None.

Critical Paths under _isr in BANK2

    None.

Call Graph Tables:

 ---------------------------------------------------------------------------------
 (Depth) Function   	        Calls       Base Space   Used Autos Params    Refs
 ---------------------------------------------------------------------------------
 (0) _main                                                12    12      0     854
                                              9 BANK0     12    12      0
                _ConfigureOscillator
                            _InitApp
                    _configura_USART
                             _printf
 ---------------------------------------------------------------------------------
 (1) _printf                                              13    12      1     804
                                              9 COMMON     3     2      1
                                              0 BANK0      9     9      0
                            ___lwdiv
                              _putch
 ---------------------------------------------------------------------------------
 (2) _putch                                                1     1      0      22
                                              2 COMMON     1     1      0
 ---------------------------------------------------------------------------------
 (2) ___lwdiv                                              7     3      4     268
                                              2 COMMON     7     3      4
 ---------------------------------------------------------------------------------
 (1) _configura_USART                                      0     0      0       0
 ---------------------------------------------------------------------------------
 (1) _InitApp                                              0     0      0       0
 ---------------------------------------------------------------------------------
 (1) _ConfigureOscillator                                  0     0      0       0
 ---------------------------------------------------------------------------------
 Estimated maximum stack depth 2
 ---------------------------------------------------------------------------------
 (Depth) Function   	        Calls       Base Space   Used Autos Params    Refs
 ---------------------------------------------------------------------------------
 (3) _isr                                                  2     2      0       0
                                              0 COMMON     2     2      0
 ---------------------------------------------------------------------------------
 Estimated maximum stack depth 3
 ---------------------------------------------------------------------------------

 Call Graph Graphs:

 _main (ROOT)
   _ConfigureOscillator
   _InitApp
   _configura_USART
   _printf
     ___lwdiv
     _putch

 _isr (ROOT)

 Address spaces:
Name               Size   Autos  Total    Cost      Usage
SFR3                 0      0       0       4        0.0%
BITSFR3              0      0       0       4        0.0%
BANK2               30      0       0       9        0.0%
BITBANK2            30      0       0       8        0.0%
SFR2                 0      0       0       5        0.0%
BITSFR2              0      0       0       5        0.0%
BANK1               50      0       0       7        0.0%
BITBANK1            50      0       0       6        0.0%
SFR1                 0      0       0       2        0.0%
BITSFR1              0      0       0       2        0.0%
BANK0               50     15      21       3       41.2%
BITBANK0            50      0       0       5        0.0%
SFR0                 0      0       0       1        0.0%
BITSFR0              0      0       0       1        0.0%
COMMON               E      C       C       1       85.7%
BITCOMMON            E      0       0       0        0.0%
CODE                 0      0       0       0        0.0%
DATA                 0      0      2D      10        0.0%
ABS                  0      0      2D       4        0.0%
NULL                 0      0       0       0        0.0%
STACK                0      0       0       2        0.0%
EEDATA              80      0       0       0        0.0%


Microchip Technology PIC Macro Assembler V1.31 build 56723 
Symbol Table                                                                                   Mon Jun 16 23:41:05 2014

                           pc 0002                   __CFG_CP$OFF 0000                            l54 00EA  
                          l78 01B5                            fsr 0004         _Bandera_boton_pulsado 0040  
                         l130 0187                           l131 0189                           l173 00A2  
                         l904 0033                           l920 0052                           l922 0064  
                         l844 0155                           l940 0083                           l932 006F  
                         l916 0040                           l942 0086                           l950 009E  
                         l856 016C                           l952 0025                           l992 00E2  
                         l984 00C9                           _RB1 0031                           _RB2 0032  
                         u305 007C                           u245 015E                           u417 00D5  
                __CFG_CPD$OFF 0000                           _isr 018D                           fsr0 0004  
                         indf 0000                  __CFG_LVP$OFF 0000              ?_configura_USART 0070  
                        l1002 00F2                          ?_isr 0070                          STR_1 0142  
                        STR_2 0142                          STR_3 0118                          STR_4 013B  
                        STR_5 012A                          i1l12 0196                          i1l16 01A0  
                        _TRMT 04C1                          _TXIF 0064                          _main 00A3  
                        btemp 007E                 __CFG_BOREN$ON 0000                          ltemp 007E  
                        start 000A                          ttemp 007E                          wtemp 007E  
               __CFG_MCLRE$ON 0000               __end_of_InitApp 018D                         ??_isr 0070  
                       ?_main 0070                 __CFG_WDTE$OFF 0000                         _CMCON 001F  
             __end_of___lwdiv 0171                         _SPBRG 0099                         _PORTA 0005  
                       _PORTB 0006                         _TRISA 0085                         _TRISB 0086  
                       _TXREG 0019           _ConfigureOscillator 01BA                 __CFG_PWRTE$ON 0000  
                       _datos 003F                         _putch 01B4                         pclath 000A  
                       ltemp0 007E                         ltemp1 0082                         ltemp2 0086  
                       ltemp3 0080                         ttemp0 007E                         ttemp1 0081  
                       ttemp2 0084                         ttemp3 0087                         ttemp4 007F  
                       status 0003                         wtemp0 007E                         wtemp1 0080  
                       wtemp2 0082                         wtemp3 0084                         wtemp4 0086  
                       wtemp5 0088                         wtemp6 007F          ?_ConfigureOscillator 0070  
             __initialization 000B                  __end_of_main 00F6                        ??_main 0029  
                      ?_putch 0070                     ??_InitApp 0072         ??_ConfigureOscillator 0072  
                   ??___lwdiv 0076                        _printf 0022                        saved_w 007E  
     __end_of__initialization 0020                __pcstackCOMMON 0070                  __pidataBANK0 0000  
               __end_of_putch 01BA                _OPTION_REGbits 0081                       ??_putch 0072  
                  __pbssBANK0 0040                    __pmaintext 00A3                    __pintentry 0004  
                     ?_printf 0079                    __stringtab 0100                       _InitApp 0171  
    __size_of_configura_USART 000D              main@enviaApagado 0030                       ___lwdiv 0147  
                     __ptext1 0022                       __ptext2 01B4                       __ptext3 0147  
                     __ptext4 01A7                       __ptext5 0171                       __ptext6 01BA  
                     __ptext7 018D               __size_of_printf 0081             __end_of_hexpowers 0118  
                __size_of_isr 001A          end_of_initialization 0020                     _RCSTAbits 0018  
                     printf@c 0028                       printf@f 0023                     _PORTBbits 0006  
 __end_of_ConfigureOscillator 01BB                     _TXSTAbits 0098             ??_configura_USART 0072  
              __end_of_printf 00A3           start_initialization 000B                   __end_of_isr 01A7  
                 __pdataBANK0 0035                      ??_printf 007A                     ___latbits 0000  
               __pcstackBANK0 0020           __end_of__stringdata 0147            main@enviaEncendido 002B  
                    ?_InitApp 0070              ___lwdiv@dividend 0074                      ?___lwdiv 0072  
                   __pstrings 0100                     _hexpowers 0110              ___lwdiv@quotient 0076  
              __size_of_putch 0006             interrupt_function 0004                   __stringbase 010F  
                 __stringdata 0118                    printf@_val 0024                    printf@prec 0021  
             _configura_USART 01A7              __size_of_InitApp 001C              __size_of___lwdiv 002A  
          __end_of__stringtab 0110               ___lwdiv@divisor 0072               ___lwdiv@counter 0078  
               __size_of_main 0053  __size_of_ConfigureOscillator 0001                      main@F803 0035  
                    main@F805 003A                     printf@idx 0020                     putch@data 0072  
                  _INTCONbits 000B       __end_of_configura_USART 01B4                      intlevel1 0000  
                   stringcode 010A                      printf@ap 0022                      stringdir 010A  
                    stringtab 0100            __CFG_FOSC$INTOSCIO 0000  
